2018-06-26 20:03:41.452[main][INFO ][co.jp.yuki.koike.sample.SampleApplication] Starting SampleApplication on DESKTOP-BD2CRPU with PID 4756 (C:\Users\nec\git\sample\target\classes started by nec in C:\Users\nec\git\sample)
2018-06-26 20:03:41.596[main][INFO ][co.jp.yuki.koike.sample.SampleApplication] No active profile set, falling back to default profiles: default
2018-06-26 20:03:42.724[main][INFO ][org.springframework.boot.web.servlet.context.AnnotationConfigServletWebServerApplicationContext] Refreshing org.springframework.boot.web.servlet.context.AnnotationConfigServletWebServerApplicationContext@7f3b84b8: startup date [Tue Jun 26 20:03:42 JST 2018]; root of context hierarchy
2018-06-26 20:03:49.071[main][INFO ][org.springframework.boot.web.embedded.tomcat.TomcatWebServer] Tomcat initialized with port(s): 8080 (http)
2018-06-26 20:03:49.119[main][INFO ][org.apache.coyote.http11.Http11NioProtocol] Initializing ProtocolHandler ["http-nio-8080"]
2018-06-26 20:03:49.158[main][INFO ][org.apache.catalina.core.StandardService] Starting service [Tomcat]
2018-06-26 20:03:49.159[main][INFO ][org.apache.catalina.core.StandardEngine] Starting Servlet Engine: Apache Tomcat/8.5.29
2018-06-26 20:03:49.193[localhost-startStop-1][INFO ][org.apache.catalina.core.AprLifecycleListener] The APR based Apache Tomcat Native library which allows optimal performance in production environments was not found on the java.library.path: [C:\pleiades-4.7.1-ultimate-win-64bit-jre_20171019\pleiades\eclipse\jre\bin;C:\WINDOWS\Sun\Java\bin;C:\WINDOWS\system32;C:\WINDOWS;C:/pleiades-4.7.1-ultimate-win-64bit-jre_20171019/pleiades/eclipse/jre/bin/../jre/bin/server;C:/pleiades-4.7.1-ultimate-win-64bit-jre_20171019/pleiades/eclipse/jre/bin/../jre/bin;C:/pleiades-4.7.1-ultimate-win-64bit-jre_20171019/pleiades/eclipse/jre/bin/../jre/lib/amd64;C:\app\nec\product\12.2.0\dbhome_1\bin;C:\ProgramData\Oracle\Java\javapath;C:\WINDOWS\system32;C:\WINDOWS;C:\WINDOWS\System32\Wbem;C:\WINDOWS\System32\WindowsPowerShell\v1.0\;C:\Program Files (x86)\Skype\Phone\;C:\Program Files\Java\jdk1.8.0_151\bin;C:\HashiCorp\Vagrant\bin;C:\Program Files\PuTTY\;C:\Program Files\TortoiseSVN\bin;C:\Program Files\TortoiseGit\bin;C:\Program Files (x86)\Nodist\bin;C:\Users\nec\AppData\Local\Microsoft\WindowsApps;;C:\Users\nec\AppData\Local\Programs\Fiddler;C:\pleiades-4.7.1-ultimate-win-64bit-jre_20171019\pleiades\eclipse;;.]
2018-06-26 20:03:49.599[localhost-startStop-1][INFO ][org.apache.catalina.core.ContainerBase.[Tomcat].[localhost].[/]] Initializing Spring embedded WebApplicationContext
2018-06-26 20:03:49.600[localhost-startStop-1][INFO ][org.springframework.web.context.ContextLoader] Root WebApplicationContext: initialization completed in 6876 ms
2018-06-26 20:03:50.099[localhost-startStop-1][INFO ][org.springframework.boot.web.servlet.FilterRegistrationBean] Mapping filter: 'characterEncodingFilter' to: [/*]
2018-06-26 20:03:50.100[localhost-startStop-1][INFO ][org.springframework.boot.web.servlet.FilterRegistrationBean] Mapping filter: 'hiddenHttpMethodFilter' to: [/*]
2018-06-26 20:03:50.101[localhost-startStop-1][INFO ][org.springframework.boot.web.servlet.FilterRegistrationBean] Mapping filter: 'httpPutFormContentFilter' to: [/*]
2018-06-26 20:03:50.101[localhost-startStop-1][INFO ][org.springframework.boot.web.servlet.FilterRegistrationBean] Mapping filter: 'requestContextFilter' to: [/*]
2018-06-26 20:03:50.102[localhost-startStop-1][INFO ][org.springframework.boot.web.servlet.DelegatingFilterProxyRegistrationBean] Mapping filter: 'springSecurityFilterChain' to: [/*]
2018-06-26 20:03:50.103[localhost-startStop-1][INFO ][org.springframework.boot.web.servlet.ServletRegistrationBean] Servlet dispatcherServlet mapped to [/]
2018-06-26 20:03:50.669[main][INFO ][org.springframework.boot.autoconfigure.security.servlet.UserDetailsServiceAutoConfiguration] 

Using generated security password: 6c75d975-8757-4446-b24a-453e5b77f28d

2018-06-26 20:03:51.362[main][INFO ][org.springframework.security.web.DefaultSecurityFilterChain] Creating filter chain: org.springframework.security.web.util.matcher.AnyRequestMatcher@1, [org.springframework.security.web.context.request.async.WebAsyncManagerIntegrationFilter@71a3a190, org.springframework.security.web.context.SecurityContextPersistenceFilter@d02f8d, org.springframework.security.web.header.HeaderWriterFilter@63429932, org.springframework.security.web.csrf.CsrfFilter@69b2f8e5, org.springframework.security.web.authentication.logout.LogoutFilter@3fbfa96, org.springframework.security.web.authentication.UsernamePasswordAuthenticationFilter@72805168, org.springframework.security.web.savedrequest.RequestCacheAwareFilter@61533ae, org.springframework.security.web.servletapi.SecurityContextHolderAwareRequestFilter@6f6962ba, org.springframework.security.web.authentication.AnonymousAuthenticationFilter@588ffeb, org.springframework.security.web.session.SessionManagementFilter@c9d82f9, org.springframework.security.web.access.ExceptionTranslationFilter@1ee29c84, org.springframework.security.web.access.intercept.FilterSecurityInterceptor@7808fb9]
2018-06-26 20:03:51.582[main][INFO ][org.springframework.web.servlet.handler.SimpleUrlHandlerMapping] Mapped URL path [/**/favicon.ico] onto handler of type [class org.springframework.web.servlet.resource.ResourceHttpRequestHandler]
2018-06-26 20:03:52.193[main][INFO ][org.springframework.web.servlet.mvc.method.annotation.RequestMappingHandlerAdapter] Looking for @ControllerAdvice: org.springframework.boot.web.servlet.context.AnnotationConfigServletWebServerApplicationContext@7f3b84b8: startup date [Tue Jun 26 20:03:42 JST 2018]; root of context hierarchy
2018-06-26 20:03:52.370[main][INFO ][org.springframework.web.servlet.mvc.method.annotation.RequestMappingHandlerMapping] Mapped "{[/gettingLocation]}" onto java.lang.String co.jp.yuki.koike.sample.app.controller.GettingLocationController.gettingLocation()
2018-06-26 20:03:52.377[main][INFO ][org.springframework.web.servlet.mvc.method.annotation.RequestMappingHandlerMapping] Mapped "{[/loginForm]}" onto java.lang.String co.jp.yuki.koike.sample.app.controller.LoginFormController.loginForm()
2018-06-26 20:03:52.397[main][INFO ][org.springframework.web.servlet.mvc.method.annotation.RequestMappingHandlerMapping] Mapped "{[/error]}" onto public org.springframework.http.ResponseEntity<java.util.Map<java.lang.String, java.lang.Object>> org.springframework.boot.autoconfigure.web.servlet.error.BasicErrorController.error(javax.servlet.http.HttpServletRequest)
2018-06-26 20:03:52.399[main][INFO ][org.springframework.web.servlet.mvc.method.annotation.RequestMappingHandlerMapping] Mapped "{[/error],produces=[text/html]}" onto public org.springframework.web.servlet.ModelAndView org.springframework.boot.autoconfigure.web.servlet.error.BasicErrorController.errorHtml(javax.servlet.http.HttpServletRequest,javax.servlet.http.HttpServletResponse)
2018-06-26 20:03:52.420[main][INFO ][org.springframework.web.servlet.handler.SimpleUrlHandlerMapping] Mapped URL path [/loginFormController] onto handler of type [class org.springframework.web.servlet.mvc.ParameterizableViewController]
2018-06-26 20:03:52.469[main][INFO ][org.springframework.web.servlet.handler.SimpleUrlHandlerMapping] Mapped URL path [/webjars/**] onto handler of type [class org.springframework.web.servlet.resource.ResourceHttpRequestHandler]
2018-06-26 20:03:52.470[main][INFO ][org.springframework.web.servlet.handler.SimpleUrlHandlerMapping] Mapped URL path [/**] onto handler of type [class org.springframework.web.servlet.resource.ResourceHttpRequestHandler]
2018-06-26 20:03:53.335[main][INFO ][org.springframework.jmx.export.annotation.AnnotationMBeanExporter] Registering beans for JMX exposure on startup
2018-06-26 20:03:53.416[main][INFO ][org.apache.coyote.http11.Http11NioProtocol] Starting ProtocolHandler ["http-nio-8080"]
2018-06-26 20:03:53.552[main][INFO ][org.apache.tomcat.util.net.NioSelectorPool] Using a shared selector for servlet write/read
2018-06-26 20:03:53.601[main][INFO ][org.springframework.boot.web.embedded.tomcat.TomcatWebServer] Tomcat started on port(s): 8080 (http) with context path ''
2018-06-26 20:03:53.625[main][INFO ][co.jp.yuki.koike.sample.SampleApplication] Started SampleApplication in 16.322 seconds (JVM running for 24.219)
2018-06-26 20:04:16.455[http-nio-8080-exec-1][INFO ][org.apache.catalina.core.ContainerBase.[Tomcat].[localhost].[/]] Initializing Spring FrameworkServlet 'dispatcherServlet'
2018-06-26 20:04:16.455[http-nio-8080-exec-1][INFO ][org.springframework.web.servlet.DispatcherServlet] FrameworkServlet 'dispatcherServlet': initialization started
2018-06-26 20:04:16.515[http-nio-8080-exec-1][INFO ][org.springframework.web.servlet.DispatcherServlet] FrameworkServlet 'dispatcherServlet': initialization completed in 60 ms
2018-06-26 20:04:17.768[http-nio-8080-exec-4][INFO ][co.jp.yuki.koike.sample.app.controller.LoginFormController] enter LoginFormController.
2018-06-26 20:04:19.451[http-nio-8080-exec-6][INFO ][co.jp.yuki.koike.sample.app.controller.LoginFormController] enter LoginFormController.
2018-06-26 20:57:21.601[RMI TCP Connection(2)-127.0.0.1][INFO ][org.springframework.boot.admin.SpringApplicationAdminMXBeanRegistrar$SpringApplicationAdmin] Application shutdown requested.
2018-06-26 20:57:21.602[RMI TCP Connection(2)-127.0.0.1][INFO ][org.springframework.boot.web.servlet.context.AnnotationConfigServletWebServerApplicationContext] Closing org.springframework.boot.web.servlet.context.AnnotationConfigServletWebServerApplicationContext@7f3b84b8: startup date [Tue Jun 26 20:03:42 JST 2018]; root of context hierarchy
2018-06-26 20:57:21.612[RMI TCP Connection(2)-127.0.0.1][INFO ][org.springframework.jmx.export.annotation.AnnotationMBeanExporter] Unregistering JMX-exposed beans on shutdown
2018-06-26 20:58:03.384[main][INFO ][co.jp.yuki.koike.sample.SampleApplication] Starting SampleApplication on DESKTOP-BD2CRPU with PID 6968 (C:\Users\nec\git\sample\target\classes started by nec in C:\Users\nec\git\sample)
2018-06-26 20:58:03.400[main][INFO ][co.jp.yuki.koike.sample.SampleApplication] No active profile set, falling back to default profiles: default
2018-06-26 20:58:03.541[main][INFO ][org.springframework.boot.web.servlet.context.AnnotationConfigServletWebServerApplicationContext] Refreshing org.springframework.boot.web.servlet.context.AnnotationConfigServletWebServerApplicationContext@10e31a9a: startup date [Tue Jun 26 20:58:03 JST 2018]; root of context hierarchy
2018-06-26 20:58:07.023[main][INFO ][org.springframework.boot.web.embedded.tomcat.TomcatWebServer] Tomcat initialized with port(s): 8080 (http)
2018-06-26 20:58:07.064[main][INFO ][org.apache.coyote.http11.Http11NioProtocol] Initializing ProtocolHandler ["http-nio-8080"]
2018-06-26 20:58:07.084[main][INFO ][org.apache.catalina.core.StandardService] Starting service [Tomcat]
2018-06-26 20:58:07.085[main][INFO ][org.apache.catalina.core.StandardEngine] Starting Servlet Engine: Apache Tomcat/8.5.29
2018-06-26 20:58:07.101[localhost-startStop-1][INFO ][org.apache.catalina.core.AprLifecycleListener] The APR based Apache Tomcat Native library which allows optimal performance in production environments was not found on the java.library.path: [C:\pleiades-4.7.1-ultimate-win-64bit-jre_20171019\pleiades\eclipse\jre\bin;C:\WINDOWS\Sun\Java\bin;C:\WINDOWS\system32;C:\WINDOWS;C:/pleiades-4.7.1-ultimate-win-64bit-jre_20171019/pleiades/eclipse/jre/bin/../jre/bin/server;C:/pleiades-4.7.1-ultimate-win-64bit-jre_20171019/pleiades/eclipse/jre/bin/../jre/bin;C:/pleiades-4.7.1-ultimate-win-64bit-jre_20171019/pleiades/eclipse/jre/bin/../jre/lib/amd64;C:\app\nec\product\12.2.0\dbhome_1\bin;C:\ProgramData\Oracle\Java\javapath;C:\WINDOWS\system32;C:\WINDOWS;C:\WINDOWS\System32\Wbem;C:\WINDOWS\System32\WindowsPowerShell\v1.0\;C:\Program Files (x86)\Skype\Phone\;C:\Program Files\Java\jdk1.8.0_151\bin;C:\HashiCorp\Vagrant\bin;C:\Program Files\PuTTY\;C:\Program Files\TortoiseSVN\bin;C:\Program Files\TortoiseGit\bin;C:\Program Files (x86)\Nodist\bin;C:\Users\nec\AppData\Local\Microsoft\WindowsApps;;C:\Users\nec\AppData\Local\Programs\Fiddler;C:\pleiades-4.7.1-ultimate-win-64bit-jre_20171019\pleiades\eclipse;;.]
2018-06-26 20:58:07.320[localhost-startStop-1][INFO ][org.apache.catalina.core.ContainerBase.[Tomcat].[localhost].[/]] Initializing Spring embedded WebApplicationContext
2018-06-26 20:58:07.322[localhost-startStop-1][INFO ][org.springframework.web.context.ContextLoader] Root WebApplicationContext: initialization completed in 3781 ms
2018-06-26 20:58:07.718[localhost-startStop-1][INFO ][org.springframework.boot.web.servlet.FilterRegistrationBean] Mapping filter: 'characterEncodingFilter' to: [/*]
2018-06-26 20:58:07.720[localhost-startStop-1][INFO ][org.springframework.boot.web.servlet.FilterRegistrationBean] Mapping filter: 'hiddenHttpMethodFilter' to: [/*]
2018-06-26 20:58:07.720[localhost-startStop-1][INFO ][org.springframework.boot.web.servlet.FilterRegistrationBean] Mapping filter: 'httpPutFormContentFilter' to: [/*]
2018-06-26 20:58:07.720[localhost-startStop-1][INFO ][org.springframework.boot.web.servlet.FilterRegistrationBean] Mapping filter: 'requestContextFilter' to: [/*]
2018-06-26 20:58:07.721[localhost-startStop-1][INFO ][org.springframework.boot.web.servlet.DelegatingFilterProxyRegistrationBean] Mapping filter: 'springSecurityFilterChain' to: [/*]
2018-06-26 20:58:07.722[localhost-startStop-1][INFO ][org.springframework.boot.web.servlet.ServletRegistrationBean] Servlet dispatcherServlet mapped to [/]
2018-06-26 20:58:08.226[main][INFO ][org.springframework.boot.autoconfigure.security.servlet.UserDetailsServiceAutoConfiguration] 

Using generated security password: 27e19c4a-3954-49f4-837d-5f01aed3293d

2018-06-26 20:58:08.750[main][INFO ][org.springframework.security.web.DefaultSecurityFilterChain] Creating filter chain: org.springframework.security.web.util.matcher.AnyRequestMatcher@1, [org.springframework.security.web.context.request.async.WebAsyncManagerIntegrationFilter@1a5b8489, org.springframework.security.web.context.SecurityContextPersistenceFilter@522b2631, org.springframework.security.web.header.HeaderWriterFilter@3605c4d3, org.springframework.security.web.csrf.CsrfFilter@648ee871, org.springframework.security.web.authentication.logout.LogoutFilter@1517f633, org.springframework.security.web.authentication.UsernamePasswordAuthenticationFilter@773bd77b, org.springframework.security.web.savedrequest.RequestCacheAwareFilter@1ee29c84, org.springframework.security.web.servletapi.SecurityContextHolderAwareRequestFilter@732bb66d, org.springframework.security.web.authentication.AnonymousAuthenticationFilter@6f8f8a80, org.springframework.security.web.session.SessionManagementFilter@187eb9a8, org.springframework.security.web.access.ExceptionTranslationFilter@5f462e3b, org.springframework.security.web.access.intercept.FilterSecurityInterceptor@1b9c1b51]
2018-06-26 20:58:09.008[main][INFO ][org.springframework.web.servlet.handler.SimpleUrlHandlerMapping] Mapped URL path [/**/favicon.ico] onto handler of type [class org.springframework.web.servlet.resource.ResourceHttpRequestHandler]
2018-06-26 20:58:09.480[main][INFO ][org.springframework.web.servlet.mvc.method.annotation.RequestMappingHandlerAdapter] Looking for @ControllerAdvice: org.springframework.boot.web.servlet.context.AnnotationConfigServletWebServerApplicationContext@10e31a9a: startup date [Tue Jun 26 20:58:03 JST 2018]; root of context hierarchy
2018-06-26 20:58:09.636[main][INFO ][org.springframework.web.servlet.mvc.method.annotation.RequestMappingHandlerMapping] Mapped "{[/gettingLocation]}" onto java.lang.String co.jp.yuki.koike.sample.app.controller.GettingLocationController.gettingLocation()
2018-06-26 20:58:09.647[main][INFO ][org.springframework.web.servlet.mvc.method.annotation.RequestMappingHandlerMapping] Mapped "{[/loginForm]}" onto java.lang.String co.jp.yuki.koike.sample.app.controller.LoginFormController.loginForm()
2018-06-26 20:58:09.676[main][INFO ][org.springframework.web.servlet.mvc.method.annotation.RequestMappingHandlerMapping] Mapped "{[/error]}" onto public org.springframework.http.ResponseEntity<java.util.Map<java.lang.String, java.lang.Object>> org.springframework.boot.autoconfigure.web.servlet.error.BasicErrorController.error(javax.servlet.http.HttpServletRequest)
2018-06-26 20:58:09.679[main][INFO ][org.springframework.web.servlet.mvc.method.annotation.RequestMappingHandlerMapping] Mapped "{[/error],produces=[text/html]}" onto public org.springframework.web.servlet.ModelAndView org.springframework.boot.autoconfigure.web.servlet.error.BasicErrorController.errorHtml(javax.servlet.http.HttpServletRequest,javax.servlet.http.HttpServletResponse)
2018-06-26 20:58:09.720[main][INFO ][org.springframework.web.servlet.handler.SimpleUrlHandlerMapping] Mapped URL path [/loginFormController] onto handler of type [class org.springframework.web.servlet.mvc.ParameterizableViewController]
2018-06-26 20:58:09.781[main][INFO ][org.springframework.web.servlet.handler.SimpleUrlHandlerMapping] Mapped URL path [/webjars/**] onto handler of type [class org.springframework.web.servlet.resource.ResourceHttpRequestHandler]
2018-06-26 20:58:09.782[main][INFO ][org.springframework.web.servlet.handler.SimpleUrlHandlerMapping] Mapped URL path [/**] onto handler of type [class org.springframework.web.servlet.resource.ResourceHttpRequestHandler]
2018-06-26 20:58:10.417[main][INFO ][org.springframework.jmx.export.annotation.AnnotationMBeanExporter] Registering beans for JMX exposure on startup
2018-06-26 20:58:10.451[main][INFO ][org.apache.coyote.http11.Http11NioProtocol] Starting ProtocolHandler ["http-nio-8080"]
2018-06-26 20:58:10.609[main][INFO ][org.apache.tomcat.util.net.NioSelectorPool] Using a shared selector for servlet write/read
2018-06-26 20:58:10.654[main][INFO ][org.springframework.boot.web.embedded.tomcat.TomcatWebServer] Tomcat started on port(s): 8080 (http) with context path ''
2018-06-26 20:58:10.670[main][INFO ][co.jp.yuki.koike.sample.SampleApplication] Started SampleApplication in 8.827 seconds (JVM running for 12.83)
2018-06-26 20:58:26.739[http-nio-8080-exec-1][INFO ][org.apache.catalina.core.ContainerBase.[Tomcat].[localhost].[/]] Initializing Spring FrameworkServlet 'dispatcherServlet'
2018-06-26 20:58:26.739[http-nio-8080-exec-1][INFO ][org.springframework.web.servlet.DispatcherServlet] FrameworkServlet 'dispatcherServlet': initialization started
2018-06-26 20:58:26.784[http-nio-8080-exec-1][INFO ][org.springframework.web.servlet.DispatcherServlet] FrameworkServlet 'dispatcherServlet': initialization completed in 45 ms
2018-06-26 20:58:26.961[http-nio-8080-exec-2][INFO ][co.jp.yuki.koike.sample.app.controller.LoginFormController] enter LoginFormController.
2018-06-26 20:58:26.961[http-nio-8080-exec-2][INFO ][co.jp.yuki.koike.sample.app.controller.LoginFormController] exit LoginFormController.
2018-06-26 20:58:27.858[http-nio-8080-exec-4][INFO ][co.jp.yuki.koike.sample.app.controller.LoginFormController] enter LoginFormController.
2018-06-26 20:58:27.858[http-nio-8080-exec-4][INFO ][co.jp.yuki.koike.sample.app.controller.LoginFormController] exit LoginFormController.
2018-06-26 20:58:47.777[http-nio-8080-exec-7][INFO ][co.jp.yuki.koike.sample.app.controller.LoginFormController] enter LoginFormController.
2018-06-26 20:58:47.778[http-nio-8080-exec-7][INFO ][co.jp.yuki.koike.sample.app.controller.LoginFormController] exit LoginFormController.
2018-06-26 20:58:47.873[http-nio-8080-exec-9][INFO ][co.jp.yuki.koike.sample.app.controller.LoginFormController] enter LoginFormController.
2018-06-26 20:58:47.874[http-nio-8080-exec-9][INFO ][co.jp.yuki.koike.sample.app.controller.LoginFormController] exit LoginFormController.
2018-06-26 20:59:51.920[http-nio-8080-exec-2][INFO ][co.jp.yuki.koike.sample.app.controller.LoginFormController] enter LoginFormController.
2018-06-26 20:59:51.922[http-nio-8080-exec-2][INFO ][co.jp.yuki.koike.sample.app.controller.LoginFormController] exit LoginFormController.
2018-06-26 20:59:51.982[http-nio-8080-exec-4][INFO ][co.jp.yuki.koike.sample.app.controller.LoginFormController] enter LoginFormController.
2018-06-26 20:59:51.983[http-nio-8080-exec-4][INFO ][co.jp.yuki.koike.sample.app.controller.LoginFormController] exit LoginFormController.
2018-06-26 21:00:31.481[RMI TCP Connection(2)-127.0.0.1][INFO ][org.springframework.boot.admin.SpringApplicationAdminMXBeanRegistrar$SpringApplicationAdmin] Application shutdown requested.
2018-06-26 21:00:31.482[RMI TCP Connection(2)-127.0.0.1][INFO ][org.springframework.boot.web.servlet.context.AnnotationConfigServletWebServerApplicationContext] Closing org.springframework.boot.web.servlet.context.AnnotationConfigServletWebServerApplicationContext@10e31a9a: startup date [Tue Jun 26 20:58:03 JST 2018]; root of context hierarchy
2018-06-26 21:00:31.489[RMI TCP Connection(2)-127.0.0.1][INFO ][org.springframework.jmx.export.annotation.AnnotationMBeanExporter] Unregistering JMX-exposed beans on shutdown
2018-06-26 21:01:26.719[main][INFO ][co.jp.yuki.koike.sample.SampleApplication] Starting SampleApplication on DESKTOP-BD2CRPU with PID 7184 (C:\Users\nec\git\sample\target\classes started by nec in C:\Users\nec\git\sample)
2018-06-26 21:01:26.726[main][INFO ][co.jp.yuki.koike.sample.SampleApplication] No active profile set, falling back to default profiles: default
2018-06-26 21:01:26.857[main][INFO ][org.springframework.boot.web.servlet.context.AnnotationConfigServletWebServerApplicationContext] Refreshing org.springframework.boot.web.servlet.context.AnnotationConfigServletWebServerApplicationContext@10e31a9a: startup date [Tue Jun 26 21:01:26 JST 2018]; root of context hierarchy
2018-06-26 21:01:30.521[main][INFO ][org.springframework.boot.web.embedded.tomcat.TomcatWebServer] Tomcat initialized with port(s): 8080 (http)
2018-06-26 21:01:30.546[main][INFO ][org.apache.coyote.http11.Http11NioProtocol] Initializing ProtocolHandler ["http-nio-8080"]
2018-06-26 21:01:30.570[main][INFO ][org.apache.catalina.core.StandardService] Starting service [Tomcat]
2018-06-26 21:01:30.570[main][INFO ][org.apache.catalina.core.StandardEngine] Starting Servlet Engine: Apache Tomcat/8.5.29
2018-06-26 21:01:30.579[localhost-startStop-1][INFO ][org.apache.catalina.core.AprLifecycleListener] The APR based Apache Tomcat Native library which allows optimal performance in production environments was not found on the java.library.path: [C:\pleiades-4.7.1-ultimate-win-64bit-jre_20171019\pleiades\eclipse\jre\bin;C:\WINDOWS\Sun\Java\bin;C:\WINDOWS\system32;C:\WINDOWS;C:/pleiades-4.7.1-ultimate-win-64bit-jre_20171019/pleiades/eclipse/jre/bin/../jre/bin/server;C:/pleiades-4.7.1-ultimate-win-64bit-jre_20171019/pleiades/eclipse/jre/bin/../jre/bin;C:/pleiades-4.7.1-ultimate-win-64bit-jre_20171019/pleiades/eclipse/jre/bin/../jre/lib/amd64;C:\app\nec\product\12.2.0\dbhome_1\bin;C:\ProgramData\Oracle\Java\javapath;C:\WINDOWS\system32;C:\WINDOWS;C:\WINDOWS\System32\Wbem;C:\WINDOWS\System32\WindowsPowerShell\v1.0\;C:\Program Files (x86)\Skype\Phone\;C:\Program Files\Java\jdk1.8.0_151\bin;C:\HashiCorp\Vagrant\bin;C:\Program Files\PuTTY\;C:\Program Files\TortoiseSVN\bin;C:\Program Files\TortoiseGit\bin;C:\Program Files (x86)\Nodist\bin;C:\Users\nec\AppData\Local\Microsoft\WindowsApps;;C:\Users\nec\AppData\Local\Programs\Fiddler;C:\pleiades-4.7.1-ultimate-win-64bit-jre_20171019\pleiades\eclipse;;.]
2018-06-26 21:01:30.787[localhost-startStop-1][INFO ][org.apache.catalina.core.ContainerBase.[Tomcat].[localhost].[/]] Initializing Spring embedded WebApplicationContext
2018-06-26 21:01:30.787[localhost-startStop-1][INFO ][org.springframework.web.context.ContextLoader] Root WebApplicationContext: initialization completed in 3931 ms
2018-06-26 21:01:31.296[localhost-startStop-1][INFO ][org.springframework.boot.web.servlet.FilterRegistrationBean] Mapping filter: 'characterEncodingFilter' to: [/*]
2018-06-26 21:01:31.298[localhost-startStop-1][INFO ][org.springframework.boot.web.servlet.FilterRegistrationBean] Mapping filter: 'hiddenHttpMethodFilter' to: [/*]
2018-06-26 21:01:31.299[localhost-startStop-1][INFO ][org.springframework.boot.web.servlet.FilterRegistrationBean] Mapping filter: 'httpPutFormContentFilter' to: [/*]
2018-06-26 21:01:31.299[localhost-startStop-1][INFO ][org.springframework.boot.web.servlet.FilterRegistrationBean] Mapping filter: 'requestContextFilter' to: [/*]
2018-06-26 21:01:31.300[localhost-startStop-1][INFO ][org.springframework.boot.web.servlet.DelegatingFilterProxyRegistrationBean] Mapping filter: 'springSecurityFilterChain' to: [/*]
2018-06-26 21:01:31.301[localhost-startStop-1][INFO ][org.springframework.boot.web.servlet.ServletRegistrationBean] Servlet dispatcherServlet mapped to [/]
2018-06-26 21:01:31.677[main][INFO ][org.springframework.boot.autoconfigure.security.servlet.UserDetailsServiceAutoConfiguration] 

Using generated security password: 1bc001e2-d607-4d2c-9ca1-987521738791

2018-06-26 21:01:32.185[main][INFO ][org.springframework.security.web.DefaultSecurityFilterChain] Creating filter chain: org.springframework.security.web.util.matcher.AnyRequestMatcher@1, [org.springframework.security.web.context.request.async.WebAsyncManagerIntegrationFilter@34b9fc7d, org.springframework.security.web.context.SecurityContextPersistenceFilter@77128dab, org.springframework.security.web.header.HeaderWriterFilter@6ad11a56, org.springframework.security.web.csrf.CsrfFilter@3b152928, org.springframework.security.web.authentication.logout.LogoutFilter@4565a70a, org.springframework.security.web.authentication.UsernamePasswordAuthenticationFilter@47c64cfe, org.springframework.security.web.savedrequest.RequestCacheAwareFilter@69ce2f62, org.springframework.security.web.servletapi.SecurityContextHolderAwareRequestFilter@4463d9d3, org.springframework.security.web.authentication.AnonymousAuthenticationFilter@27f1bbe0, org.springframework.security.web.session.SessionManagementFilter@3ff57625, org.springframework.security.web.access.ExceptionTranslationFilter@585c13de, org.springframework.security.web.access.intercept.FilterSecurityInterceptor@4525d1d3]
2018-06-26 21:01:32.392[main][INFO ][org.springframework.web.servlet.handler.SimpleUrlHandlerMapping] Mapped URL path [/**/favicon.ico] onto handler of type [class org.springframework.web.servlet.resource.ResourceHttpRequestHandler]
2018-06-26 21:01:32.842[main][INFO ][org.springframework.web.servlet.mvc.method.annotation.RequestMappingHandlerAdapter] Looking for @ControllerAdvice: org.springframework.boot.web.servlet.context.AnnotationConfigServletWebServerApplicationContext@10e31a9a: startup date [Tue Jun 26 21:01:26 JST 2018]; root of context hierarchy
2018-06-26 21:01:33.049[main][INFO ][org.springframework.web.servlet.mvc.method.annotation.RequestMappingHandlerMapping] Mapped "{[/gettingLocation]}" onto java.lang.String co.jp.yuki.koike.sample.app.controller.GettingLocationController.gettingLocation()
2018-06-26 21:01:33.052[main][INFO ][org.springframework.web.servlet.mvc.method.annotation.RequestMappingHandlerMapping] Mapped "{[/loginForm]}" onto java.lang.String co.jp.yuki.koike.sample.app.controller.LoginFormController.loginForm()
2018-06-26 21:01:33.064[main][INFO ][org.springframework.web.servlet.mvc.method.annotation.RequestMappingHandlerMapping] Mapped "{[/error]}" onto public org.springframework.http.ResponseEntity<java.util.Map<java.lang.String, java.lang.Object>> org.springframework.boot.autoconfigure.web.servlet.error.BasicErrorController.error(javax.servlet.http.HttpServletRequest)
2018-06-26 21:01:33.067[main][INFO ][org.springframework.web.servlet.mvc.method.annotation.RequestMappingHandlerMapping] Mapped "{[/error],produces=[text/html]}" onto public org.springframework.web.servlet.ModelAndView org.springframework.boot.autoconfigure.web.servlet.error.BasicErrorController.errorHtml(javax.servlet.http.HttpServletRequest,javax.servlet.http.HttpServletResponse)
2018-06-26 21:01:33.090[main][INFO ][org.springframework.web.servlet.handler.SimpleUrlHandlerMapping] Mapped URL path [/loginFormController] onto handler of type [class org.springframework.web.servlet.mvc.ParameterizableViewController]
2018-06-26 21:01:33.122[main][INFO ][org.springframework.web.servlet.handler.SimpleUrlHandlerMapping] Mapped URL path [/webjars/**] onto handler of type [class org.springframework.web.servlet.resource.ResourceHttpRequestHandler]
2018-06-26 21:01:33.122[main][INFO ][org.springframework.web.servlet.handler.SimpleUrlHandlerMapping] Mapped URL path [/**] onto handler of type [class org.springframework.web.servlet.resource.ResourceHttpRequestHandler]
2018-06-26 21:01:33.686[main][INFO ][org.springframework.jmx.export.annotation.AnnotationMBeanExporter] Registering beans for JMX exposure on startup
2018-06-26 21:01:33.720[main][INFO ][org.apache.coyote.http11.Http11NioProtocol] Starting ProtocolHandler ["http-nio-8080"]
2018-06-26 21:01:33.741[main][INFO ][org.apache.tomcat.util.net.NioSelectorPool] Using a shared selector for servlet write/read
2018-06-26 21:01:33.774[main][INFO ][org.springframework.boot.web.embedded.tomcat.TomcatWebServer] Tomcat started on port(s): 8080 (http) with context path ''
2018-06-26 21:01:33.784[main][INFO ][co.jp.yuki.koike.sample.SampleApplication] Started SampleApplication in 8.206 seconds (JVM running for 9.7)
2018-06-26 21:01:49.334[http-nio-8080-exec-1][INFO ][org.apache.catalina.core.ContainerBase.[Tomcat].[localhost].[/]] Initializing Spring FrameworkServlet 'dispatcherServlet'
2018-06-26 21:01:49.334[http-nio-8080-exec-1][INFO ][org.springframework.web.servlet.DispatcherServlet] FrameworkServlet 'dispatcherServlet': initialization started
2018-06-26 21:01:49.406[http-nio-8080-exec-1][INFO ][org.springframework.web.servlet.DispatcherServlet] FrameworkServlet 'dispatcherServlet': initialization completed in 71 ms
2018-06-26 21:01:49.531[http-nio-8080-exec-1][INFO ][co.jp.yuki.koike.sample.app.controller.LoginFormController] enter LoginFormController.
2018-06-26 21:01:49.532[http-nio-8080-exec-1][INFO ][co.jp.yuki.koike.sample.app.controller.LoginFormController] exit LoginFormController.
2018-06-26 21:01:50.796[http-nio-8080-exec-6][INFO ][co.jp.yuki.koike.sample.app.controller.LoginFormController] enter LoginFormController.
2018-06-26 21:01:50.796[http-nio-8080-exec-6][INFO ][co.jp.yuki.koike.sample.app.controller.LoginFormController] exit LoginFormController.
2018-06-26 21:01:58.254[http-nio-8080-exec-5][INFO ][co.jp.yuki.koike.sample.app.controller.LoginFormController] enter LoginFormController.
2018-06-26 21:01:58.255[http-nio-8080-exec-5][INFO ][co.jp.yuki.koike.sample.app.controller.LoginFormController] exit LoginFormController.
2018-06-26 21:01:58.315[http-nio-8080-exec-8][INFO ][co.jp.yuki.koike.sample.app.controller.LoginFormController] enter LoginFormController.
2018-06-26 21:01:58.315[http-nio-8080-exec-8][INFO ][co.jp.yuki.koike.sample.app.controller.LoginFormController] exit LoginFormController.
2018-06-26 21:02:55.392[RMI TCP Connection(2)-127.0.0.1][INFO ][org.springframework.boot.admin.SpringApplicationAdminMXBeanRegistrar$SpringApplicationAdmin] Application shutdown requested.
2018-06-26 21:02:55.393[RMI TCP Connection(2)-127.0.0.1][INFO ][org.springframework.boot.web.servlet.context.AnnotationConfigServletWebServerApplicationContext] Closing org.springframework.boot.web.servlet.context.AnnotationConfigServletWebServerApplicationContext@10e31a9a: startup date [Tue Jun 26 21:01:26 JST 2018]; root of context hierarchy
2018-06-26 21:02:55.398[RMI TCP Connection(2)-127.0.0.1][INFO ][org.springframework.jmx.export.annotation.AnnotationMBeanExporter] Unregistering JMX-exposed beans on shutdown
2018-06-26 21:03:39.195[main][INFO ][co.jp.yuki.koike.sample.SampleApplication] Starting SampleApplication on DESKTOP-BD2CRPU with PID 8112 (C:\Users\nec\git\sample\target\classes started by nec in C:\Users\nec\git\sample)
2018-06-26 21:03:39.209[main][INFO ][co.jp.yuki.koike.sample.SampleApplication] No active profile set, falling back to default profiles: default
2018-06-26 21:03:39.329[main][INFO ][org.springframework.boot.web.servlet.context.AnnotationConfigServletWebServerApplicationContext] Refreshing org.springframework.boot.web.servlet.context.AnnotationConfigServletWebServerApplicationContext@10e31a9a: startup date [Tue Jun 26 21:03:39 JST 2018]; root of context hierarchy
2018-06-26 21:03:42.412[main][INFO ][org.springframework.boot.web.embedded.tomcat.TomcatWebServer] Tomcat initialized with port(s): 8080 (http)
2018-06-26 21:03:42.442[main][INFO ][org.apache.coyote.http11.Http11NioProtocol] Initializing ProtocolHandler ["http-nio-8080"]
2018-06-26 21:03:42.462[main][INFO ][org.apache.catalina.core.StandardService] Starting service [Tomcat]
2018-06-26 21:03:42.463[main][INFO ][org.apache.catalina.core.StandardEngine] Starting Servlet Engine: Apache Tomcat/8.5.29
2018-06-26 21:03:42.475[localhost-startStop-1][INFO ][org.apache.catalina.core.AprLifecycleListener] The APR based Apache Tomcat Native library which allows optimal performance in production environments was not found on the java.library.path: [C:\pleiades-4.7.1-ultimate-win-64bit-jre_20171019\pleiades\eclipse\jre\bin;C:\WINDOWS\Sun\Java\bin;C:\WINDOWS\system32;C:\WINDOWS;C:/pleiades-4.7.1-ultimate-win-64bit-jre_20171019/pleiades/eclipse/jre/bin/../jre/bin/server;C:/pleiades-4.7.1-ultimate-win-64bit-jre_20171019/pleiades/eclipse/jre/bin/../jre/bin;C:/pleiades-4.7.1-ultimate-win-64bit-jre_20171019/pleiades/eclipse/jre/bin/../jre/lib/amd64;C:\app\nec\product\12.2.0\dbhome_1\bin;C:\ProgramData\Oracle\Java\javapath;C:\WINDOWS\system32;C:\WINDOWS;C:\WINDOWS\System32\Wbem;C:\WINDOWS\System32\WindowsPowerShell\v1.0\;C:\Program Files (x86)\Skype\Phone\;C:\Program Files\Java\jdk1.8.0_151\bin;C:\HashiCorp\Vagrant\bin;C:\Program Files\PuTTY\;C:\Program Files\TortoiseSVN\bin;C:\Program Files\TortoiseGit\bin;C:\Program Files (x86)\Nodist\bin;C:\Users\nec\AppData\Local\Microsoft\WindowsApps;;C:\Users\nec\AppData\Local\Programs\Fiddler;C:\pleiades-4.7.1-ultimate-win-64bit-jre_20171019\pleiades\eclipse;;.]
2018-06-26 21:03:42.688[localhost-startStop-1][INFO ][org.apache.catalina.core.ContainerBase.[Tomcat].[localhost].[/]] Initializing Spring embedded WebApplicationContext
2018-06-26 21:03:42.689[localhost-startStop-1][INFO ][org.springframework.web.context.ContextLoader] Root WebApplicationContext: initialization completed in 3360 ms
2018-06-26 21:03:43.115[localhost-startStop-1][INFO ][org.springframework.boot.web.servlet.FilterRegistrationBean] Mapping filter: 'characterEncodingFilter' to: [/*]
2018-06-26 21:03:43.117[localhost-startStop-1][INFO ][org.springframework.boot.web.servlet.FilterRegistrationBean] Mapping filter: 'hiddenHttpMethodFilter' to: [/*]
2018-06-26 21:03:43.117[localhost-startStop-1][INFO ][org.springframework.boot.web.servlet.FilterRegistrationBean] Mapping filter: 'httpPutFormContentFilter' to: [/*]
2018-06-26 21:03:43.117[localhost-startStop-1][INFO ][org.springframework.boot.web.servlet.FilterRegistrationBean] Mapping filter: 'requestContextFilter' to: [/*]
2018-06-26 21:03:43.118[localhost-startStop-1][INFO ][org.springframework.boot.web.servlet.DelegatingFilterProxyRegistrationBean] Mapping filter: 'springSecurityFilterChain' to: [/*]
2018-06-26 21:03:43.118[localhost-startStop-1][INFO ][org.springframework.boot.web.servlet.ServletRegistrationBean] Servlet dispatcherServlet mapped to [/]
2018-06-26 21:03:43.499[main][INFO ][org.springframework.boot.autoconfigure.security.servlet.UserDetailsServiceAutoConfiguration] 

Using generated security password: f07fb3c7-67aa-47ac-957c-e558bee1539b

2018-06-26 21:03:43.989[main][INFO ][org.springframework.security.web.DefaultSecurityFilterChain] Creating filter chain: org.springframework.security.web.util.matcher.AnyRequestMatcher@1, [org.springframework.security.web.context.request.async.WebAsyncManagerIntegrationFilter@34b9fc7d, org.springframework.security.web.context.SecurityContextPersistenceFilter@77128dab, org.springframework.security.web.header.HeaderWriterFilter@6ad11a56, org.springframework.security.web.csrf.CsrfFilter@3b152928, org.springframework.security.web.authentication.logout.LogoutFilter@4565a70a, org.springframework.security.web.authentication.UsernamePasswordAuthenticationFilter@47c64cfe, org.springframework.security.web.savedrequest.RequestCacheAwareFilter@69ce2f62, org.springframework.security.web.servletapi.SecurityContextHolderAwareRequestFilter@4463d9d3, org.springframework.security.web.authentication.AnonymousAuthenticationFilter@27f1bbe0, org.springframework.security.web.session.SessionManagementFilter@3ff57625, org.springframework.security.web.access.ExceptionTranslationFilter@585c13de, org.springframework.security.web.access.intercept.FilterSecurityInterceptor@4525d1d3]
2018-06-26 21:03:44.205[main][INFO ][org.springframework.web.servlet.handler.SimpleUrlHandlerMapping] Mapped URL path [/**/favicon.ico] onto handler of type [class org.springframework.web.servlet.resource.ResourceHttpRequestHandler]
2018-06-26 21:03:44.669[main][INFO ][org.springframework.web.servlet.mvc.method.annotation.RequestMappingHandlerAdapter] Looking for @ControllerAdvice: org.springframework.boot.web.servlet.context.AnnotationConfigServletWebServerApplicationContext@10e31a9a: startup date [Tue Jun 26 21:03:39 JST 2018]; root of context hierarchy
2018-06-26 21:03:44.800[main][INFO ][org.springframework.web.servlet.mvc.method.annotation.RequestMappingHandlerMapping] Mapped "{[/gettingLocation]}" onto java.lang.String co.jp.yuki.koike.sample.app.controller.GettingLocationController.gettingLocation()
2018-06-26 21:03:44.802[main][INFO ][org.springframework.web.servlet.mvc.method.annotation.RequestMappingHandlerMapping] Mapped "{[/loginForm]}" onto java.lang.String co.jp.yuki.koike.sample.app.controller.LoginFormController.loginForm()
2018-06-26 21:03:44.814[main][INFO ][org.springframework.web.servlet.mvc.method.annotation.RequestMappingHandlerMapping] Mapped "{[/error]}" onto public org.springframework.http.ResponseEntity<java.util.Map<java.lang.String, java.lang.Object>> org.springframework.boot.autoconfigure.web.servlet.error.BasicErrorController.error(javax.servlet.http.HttpServletRequest)
2018-06-26 21:03:44.816[main][INFO ][org.springframework.web.servlet.mvc.method.annotation.RequestMappingHandlerMapping] Mapped "{[/error],produces=[text/html]}" onto public org.springframework.web.servlet.ModelAndView org.springframework.boot.autoconfigure.web.servlet.error.BasicErrorController.errorHtml(javax.servlet.http.HttpServletRequest,javax.servlet.http.HttpServletResponse)
2018-06-26 21:03:44.837[main][INFO ][org.springframework.web.servlet.handler.SimpleUrlHandlerMapping] Mapped URL path [/loginFormController] onto handler of type [class org.springframework.web.servlet.mvc.ParameterizableViewController]
2018-06-26 21:03:44.865[main][INFO ][org.springframework.web.servlet.handler.SimpleUrlHandlerMapping] Mapped URL path [/webjars/**] onto handler of type [class org.springframework.web.servlet.resource.ResourceHttpRequestHandler]
2018-06-26 21:03:44.865[main][INFO ][org.springframework.web.servlet.handler.SimpleUrlHandlerMapping] Mapped URL path [/**] onto handler of type [class org.springframework.web.servlet.resource.ResourceHttpRequestHandler]
2018-06-26 21:03:45.487[main][INFO ][org.springframework.jmx.export.annotation.AnnotationMBeanExporter] Registering beans for JMX exposure on startup
2018-06-26 21:03:45.522[main][INFO ][org.apache.coyote.http11.Http11NioProtocol] Starting ProtocolHandler ["http-nio-8080"]
2018-06-26 21:03:45.543[main][INFO ][org.apache.tomcat.util.net.NioSelectorPool] Using a shared selector for servlet write/read
2018-06-26 21:03:45.576[main][INFO ][org.springframework.boot.web.embedded.tomcat.TomcatWebServer] Tomcat started on port(s): 8080 (http) with context path ''
2018-06-26 21:03:45.586[main][INFO ][co.jp.yuki.koike.sample.SampleApplication] Started SampleApplication in 7.567 seconds (JVM running for 9.12)
2018-06-26 21:04:00.836[http-nio-8080-exec-2][INFO ][org.apache.catalina.core.ContainerBase.[Tomcat].[localhost].[/]] Initializing Spring FrameworkServlet 'dispatcherServlet'
2018-06-26 21:04:00.836[http-nio-8080-exec-2][INFO ][org.springframework.web.servlet.DispatcherServlet] FrameworkServlet 'dispatcherServlet': initialization started
2018-06-26 21:04:00.895[http-nio-8080-exec-2][INFO ][org.springframework.web.servlet.DispatcherServlet] FrameworkServlet 'dispatcherServlet': initialization completed in 59 ms
2018-06-26 21:04:01.116[http-nio-8080-exec-2][INFO ][co.jp.yuki.koike.sample.app.controller.LoginFormController] enter LoginFormController.
2018-06-26 21:04:01.116[http-nio-8080-exec-2][INFO ][co.jp.yuki.koike.sample.app.controller.LoginFormController] exit LoginFormController.
2018-06-26 21:04:01.925[http-nio-8080-exec-3][INFO ][co.jp.yuki.koike.sample.app.controller.LoginFormController] enter LoginFormController.
2018-06-26 21:04:01.926[http-nio-8080-exec-3][INFO ][co.jp.yuki.koike.sample.app.controller.LoginFormController] exit LoginFormController.
2018-06-26 21:04:11.008[http-nio-8080-exec-5][INFO ][co.jp.yuki.koike.sample.app.controller.LoginFormController] enter LoginFormController.
2018-06-26 21:04:11.011[http-nio-8080-exec-5][INFO ][co.jp.yuki.koike.sample.app.controller.LoginFormController] exit LoginFormController.
2018-06-26 21:04:11.067[http-nio-8080-exec-7][INFO ][co.jp.yuki.koike.sample.app.controller.LoginFormController] enter LoginFormController.
2018-06-26 21:04:11.067[http-nio-8080-exec-7][INFO ][co.jp.yuki.koike.sample.app.controller.LoginFormController] exit LoginFormController.
2018-06-26 21:04:12.780[http-nio-8080-exec-8][INFO ][co.jp.yuki.koike.sample.app.controller.LoginFormController] enter LoginFormController.
2018-06-26 21:04:12.781[http-nio-8080-exec-8][INFO ][co.jp.yuki.koike.sample.app.controller.LoginFormController] exit LoginFormController.
2018-06-26 21:04:12.837[http-nio-8080-exec-10][INFO ][co.jp.yuki.koike.sample.app.controller.LoginFormController] enter LoginFormController.
2018-06-26 21:04:12.837[http-nio-8080-exec-10][INFO ][co.jp.yuki.koike.sample.app.controller.LoginFormController] exit LoginFormController.
2018-06-26 21:04:21.166[http-nio-8080-exec-3][INFO ][co.jp.yuki.koike.sample.app.controller.LoginFormController] enter LoginFormController.
2018-06-26 21:04:21.166[http-nio-8080-exec-3][INFO ][co.jp.yuki.koike.sample.app.controller.LoginFormController] exit LoginFormController.
2018-06-26 21:04:21.224[http-nio-8080-exec-5][INFO ][co.jp.yuki.koike.sample.app.controller.LoginFormController] enter LoginFormController.
2018-06-26 21:04:21.224[http-nio-8080-exec-5][INFO ][co.jp.yuki.koike.sample.app.controller.LoginFormController] exit LoginFormController.
2018-06-26 21:07:01.711[RMI TCP Connection(2)-127.0.0.1][INFO ][org.springframework.boot.admin.SpringApplicationAdminMXBeanRegistrar$SpringApplicationAdmin] Application shutdown requested.
2018-06-26 21:07:01.712[RMI TCP Connection(2)-127.0.0.1][INFO ][org.springframework.boot.web.servlet.context.AnnotationConfigServletWebServerApplicationContext] Closing org.springframework.boot.web.servlet.context.AnnotationConfigServletWebServerApplicationContext@10e31a9a: startup date [Tue Jun 26 21:03:39 JST 2018]; root of context hierarchy
2018-06-26 21:07:01.717[RMI TCP Connection(2)-127.0.0.1][INFO ][org.springframework.jmx.export.annotation.AnnotationMBeanExporter] Unregistering JMX-exposed beans on shutdown
2018-06-26 21:08:37.653[main][INFO ][co.jp.yuki.koike.sample.SampleApplication] Starting SampleApplication on DESKTOP-BD2CRPU with PID 3420 (C:\Users\nec\git\sample\target\classes started by nec in C:\Users\nec\git\sample)
2018-06-26 21:08:37.667[main][INFO ][co.jp.yuki.koike.sample.SampleApplication] No active profile set, falling back to default profiles: default
2018-06-26 21:08:37.820[main][INFO ][org.springframework.boot.web.servlet.context.AnnotationConfigServletWebServerApplicationContext] Refreshing org.springframework.boot.web.servlet.context.AnnotationConfigServletWebServerApplicationContext@7f3b84b8: startup date [Tue Jun 26 21:08:37 JST 2018]; root of context hierarchy
2018-06-26 21:08:40.766[main][INFO ][org.springframework.boot.web.embedded.tomcat.TomcatWebServer] Tomcat initialized with port(s): 8080 (http)
2018-06-26 21:08:40.792[main][INFO ][org.apache.coyote.http11.Http11NioProtocol] Initializing ProtocolHandler ["http-nio-8080"]
2018-06-26 21:08:40.814[main][INFO ][org.apache.catalina.core.StandardService] Starting service [Tomcat]
2018-06-26 21:08:40.815[main][INFO ][org.apache.catalina.core.StandardEngine] Starting Servlet Engine: Apache Tomcat/8.5.29
2018-06-26 21:08:40.823[localhost-startStop-1][INFO ][org.apache.catalina.core.AprLifecycleListener] The APR based Apache Tomcat Native library which allows optimal performance in production environments was not found on the java.library.path: [C:\pleiades-4.7.1-ultimate-win-64bit-jre_20171019\pleiades\eclipse\jre\bin;C:\WINDOWS\Sun\Java\bin;C:\WINDOWS\system32;C:\WINDOWS;C:/pleiades-4.7.1-ultimate-win-64bit-jre_20171019/pleiades/eclipse/jre/bin/../jre/bin/server;C:/pleiades-4.7.1-ultimate-win-64bit-jre_20171019/pleiades/eclipse/jre/bin/../jre/bin;C:/pleiades-4.7.1-ultimate-win-64bit-jre_20171019/pleiades/eclipse/jre/bin/../jre/lib/amd64;C:\app\nec\product\12.2.0\dbhome_1\bin;C:\ProgramData\Oracle\Java\javapath;C:\WINDOWS\system32;C:\WINDOWS;C:\WINDOWS\System32\Wbem;C:\WINDOWS\System32\WindowsPowerShell\v1.0\;C:\Program Files (x86)\Skype\Phone\;C:\Program Files\Java\jdk1.8.0_151\bin;C:\HashiCorp\Vagrant\bin;C:\Program Files\PuTTY\;C:\Program Files\TortoiseSVN\bin;C:\Program Files\TortoiseGit\bin;C:\Program Files (x86)\Nodist\bin;C:\Users\nec\AppData\Local\Microsoft\WindowsApps;;C:\Users\nec\AppData\Local\Programs\Fiddler;C:\pleiades-4.7.1-ultimate-win-64bit-jre_20171019\pleiades\eclipse;;.]
2018-06-26 21:08:41.074[localhost-startStop-1][INFO ][org.apache.catalina.core.ContainerBase.[Tomcat].[localhost].[/]] Initializing Spring embedded WebApplicationContext
2018-06-26 21:08:41.075[localhost-startStop-1][INFO ][org.springframework.web.context.ContextLoader] Root WebApplicationContext: initialization completed in 3255 ms
2018-06-26 21:08:41.506[localhost-startStop-1][INFO ][org.springframework.boot.web.servlet.FilterRegistrationBean] Mapping filter: 'characterEncodingFilter' to: [/*]
2018-06-26 21:08:41.508[localhost-startStop-1][INFO ][org.springframework.boot.web.servlet.FilterRegistrationBean] Mapping filter: 'hiddenHttpMethodFilter' to: [/*]
2018-06-26 21:08:41.509[localhost-startStop-1][INFO ][org.springframework.boot.web.servlet.FilterRegistrationBean] Mapping filter: 'httpPutFormContentFilter' to: [/*]
2018-06-26 21:08:41.509[localhost-startStop-1][INFO ][org.springframework.boot.web.servlet.FilterRegistrationBean] Mapping filter: 'requestContextFilter' to: [/*]
2018-06-26 21:08:41.510[localhost-startStop-1][INFO ][org.springframework.boot.web.servlet.DelegatingFilterProxyRegistrationBean] Mapping filter: 'springSecurityFilterChain' to: [/*]
2018-06-26 21:08:41.511[localhost-startStop-1][INFO ][org.springframework.boot.web.servlet.ServletRegistrationBean] Servlet dispatcherServlet mapped to [/]
2018-06-26 21:08:41.878[main][INFO ][org.springframework.boot.autoconfigure.security.servlet.UserDetailsServiceAutoConfiguration] 

Using generated security password: 12fc41a9-fa91-4557-86ec-a84a296bd770

2018-06-26 21:08:42.359[main][INFO ][org.springframework.security.web.DefaultSecurityFilterChain] Creating filter chain: org.springframework.security.web.util.matcher.AnyRequestMatcher@1, [org.springframework.security.web.context.request.async.WebAsyncManagerIntegrationFilter@5b3f3ba0, org.springframework.security.web.context.SecurityContextPersistenceFilter@5395ea39, org.springframework.security.web.header.HeaderWriterFilter@720653c2, org.springframework.security.web.csrf.CsrfFilter@3d7fa3ae, org.springframework.security.web.authentication.logout.LogoutFilter@72458efc, org.springframework.security.web.authentication.UsernamePasswordAuthenticationFilter@7c28c1, org.springframework.security.web.savedrequest.RequestCacheAwareFilter@4fe01803, org.springframework.security.web.servletapi.SecurityContextHolderAwareRequestFilter@466d49f0, org.springframework.security.web.authentication.AnonymousAuthenticationFilter@ddf20fd, org.springframework.security.web.session.SessionManagementFilter@6ad5923a, org.springframework.security.web.access.ExceptionTranslationFilter@60baef24, org.springframework.security.web.access.intercept.FilterSecurityInterceptor@6f8f8a80]
2018-06-26 21:08:42.567[main][INFO ][org.springframework.web.servlet.handler.SimpleUrlHandlerMapping] Mapped URL path [/**/favicon.ico] onto handler of type [class org.springframework.web.servlet.resource.ResourceHttpRequestHandler]
2018-06-26 21:08:43.045[main][INFO ][org.springframework.web.servlet.mvc.method.annotation.RequestMappingHandlerAdapter] Looking for @ControllerAdvice: org.springframework.boot.web.servlet.context.AnnotationConfigServletWebServerApplicationContext@7f3b84b8: startup date [Tue Jun 26 21:08:37 JST 2018]; root of context hierarchy
2018-06-26 21:08:43.170[main][INFO ][org.springframework.web.servlet.mvc.method.annotation.RequestMappingHandlerMapping] Mapped "{[/gettingLocation]}" onto java.lang.String co.jp.yuki.koike.sample.app.controller.GettingLocationController.gettingLocation()
2018-06-26 21:08:43.176[main][INFO ][org.springframework.web.servlet.mvc.method.annotation.RequestMappingHandlerMapping] Mapped "{[/loginForm]}" onto java.lang.String co.jp.yuki.koike.sample.app.controller.LoginFormController.loginForm()
2018-06-26 21:08:43.187[main][INFO ][org.springframework.web.servlet.mvc.method.annotation.RequestMappingHandlerMapping] Mapped "{[/error]}" onto public org.springframework.http.ResponseEntity<java.util.Map<java.lang.String, java.lang.Object>> org.springframework.boot.autoconfigure.web.servlet.error.BasicErrorController.error(javax.servlet.http.HttpServletRequest)
2018-06-26 21:08:43.189[main][INFO ][org.springframework.web.servlet.mvc.method.annotation.RequestMappingHandlerMapping] Mapped "{[/error],produces=[text/html]}" onto public org.springframework.web.servlet.ModelAndView org.springframework.boot.autoconfigure.web.servlet.error.BasicErrorController.errorHtml(javax.servlet.http.HttpServletRequest,javax.servlet.http.HttpServletResponse)
2018-06-26 21:08:43.204[main][INFO ][co.jp.yuki.koike.sample.config.MvcConfig] enter MvcConfig.
2018-06-26 21:08:43.205[main][INFO ][co.jp.yuki.koike.sample.config.MvcConfig] exit MvcConfig.
2018-06-26 21:08:43.212[main][INFO ][org.springframework.web.servlet.handler.SimpleUrlHandlerMapping] Mapped URL path [/loginFormController] onto handler of type [class org.springframework.web.servlet.mvc.ParameterizableViewController]
2018-06-26 21:08:43.236[main][INFO ][org.springframework.web.servlet.handler.SimpleUrlHandlerMapping] Mapped URL path [/webjars/**] onto handler of type [class org.springframework.web.servlet.resource.ResourceHttpRequestHandler]
2018-06-26 21:08:43.236[main][INFO ][org.springframework.web.servlet.handler.SimpleUrlHandlerMapping] Mapped URL path [/**] onto handler of type [class org.springframework.web.servlet.resource.ResourceHttpRequestHandler]
2018-06-26 21:08:43.838[main][INFO ][org.springframework.jmx.export.annotation.AnnotationMBeanExporter] Registering beans for JMX exposure on startup
2018-06-26 21:08:43.878[main][INFO ][org.apache.coyote.http11.Http11NioProtocol] Starting ProtocolHandler ["http-nio-8080"]
2018-06-26 21:08:43.899[main][INFO ][org.apache.tomcat.util.net.NioSelectorPool] Using a shared selector for servlet write/read
2018-06-26 21:08:44.046[main][INFO ][org.springframework.boot.web.embedded.tomcat.TomcatWebServer] Tomcat started on port(s): 8080 (http) with context path ''
2018-06-26 21:08:44.059[main][INFO ][co.jp.yuki.koike.sample.SampleApplication] Started SampleApplication in 7.542 seconds (JVM running for 9.879)
2018-06-26 21:08:56.704[http-nio-8080-exec-1][INFO ][org.apache.catalina.core.ContainerBase.[Tomcat].[localhost].[/]] Initializing Spring FrameworkServlet 'dispatcherServlet'
2018-06-26 21:08:56.705[http-nio-8080-exec-1][INFO ][org.springframework.web.servlet.DispatcherServlet] FrameworkServlet 'dispatcherServlet': initialization started
2018-06-26 21:08:56.753[http-nio-8080-exec-1][INFO ][org.springframework.web.servlet.DispatcherServlet] FrameworkServlet 'dispatcherServlet': initialization completed in 47 ms
2018-06-26 21:12:58.051[RMI TCP Connection(2)-127.0.0.1][INFO ][org.springframework.boot.admin.SpringApplicationAdminMXBeanRegistrar$SpringApplicationAdmin] Application shutdown requested.
2018-06-26 21:12:58.051[RMI TCP Connection(2)-127.0.0.1][INFO ][org.springframework.boot.web.servlet.context.AnnotationConfigServletWebServerApplicationContext] Closing org.springframework.boot.web.servlet.context.AnnotationConfigServletWebServerApplicationContext@7f3b84b8: startup date [Tue Jun 26 21:08:37 JST 2018]; root of context hierarchy
2018-06-26 21:12:58.056[RMI TCP Connection(2)-127.0.0.1][INFO ][org.springframework.jmx.export.annotation.AnnotationMBeanExporter] Unregistering JMX-exposed beans on shutdown
