2018-06-29 18:40:39.082[main][INFO ][co.jp.yuki.koike.sample.SampleApplication] Starting SampleApplication on DESKTOP-BD2CRPU with PID 8940 (C:\Users\nec\git\sample\target\classes started by nec in C:\Users\nec\git\sample)
2018-06-29 18:40:39.213[main][INFO ][co.jp.yuki.koike.sample.SampleApplication] No active profile set, falling back to default profiles: default
2018-06-29 18:40:40.744[main][INFO ][org.springframework.boot.web.servlet.context.AnnotationConfigServletWebServerApplicationContext] Refreshing org.springframework.boot.web.servlet.context.AnnotationConfigServletWebServerApplicationContext@6adbc9d: startup date [Fri Jun 29 18:40:40 JST 2018]; root of context hierarchy
2018-06-29 18:40:43.447[main][INFO ][org.springframework.boot.web.embedded.tomcat.TomcatWebServer] Tomcat initialized with port(s): 8080 (http)
2018-06-29 18:40:43.491[main][INFO ][org.apache.coyote.http11.Http11NioProtocol] Initializing ProtocolHandler ["http-nio-8080"]
2018-06-29 18:40:43.520[main][INFO ][org.apache.catalina.core.StandardService] Starting service [Tomcat]
2018-06-29 18:40:43.520[main][INFO ][org.apache.catalina.core.StandardEngine] Starting Servlet Engine: Apache Tomcat/8.5.29
2018-06-29 18:40:43.580[localhost-startStop-1][INFO ][org.apache.catalina.core.AprLifecycleListener] The APR based Apache Tomcat Native library which allows optimal performance in production environments was not found on the java.library.path: [C:\pleiades-4.7.1-ultimate-win-64bit-jre_20171019\pleiades\eclipse\jre\bin;C:\WINDOWS\Sun\Java\bin;C:\WINDOWS\system32;C:\WINDOWS;C:/pleiades-4.7.1-ultimate-win-64bit-jre_20171019/pleiades/eclipse/jre/bin/../jre/bin/server;C:/pleiades-4.7.1-ultimate-win-64bit-jre_20171019/pleiades/eclipse/jre/bin/../jre/bin;C:/pleiades-4.7.1-ultimate-win-64bit-jre_20171019/pleiades/eclipse/jre/bin/../jre/lib/amd64;C:\app\nec\product\12.2.0\dbhome_1\bin;C:\ProgramData\Oracle\Java\javapath;C:\WINDOWS\system32;C:\WINDOWS;C:\WINDOWS\System32\Wbem;C:\WINDOWS\System32\WindowsPowerShell\v1.0\;C:\Program Files (x86)\Skype\Phone\;C:\Program Files\Java\jdk1.8.0_151\bin;C:\HashiCorp\Vagrant\bin;C:\Program Files\PuTTY\;C:\Program Files\TortoiseSVN\bin;C:\Program Files\TortoiseGit\bin;C:\Program Files (x86)\Nodist\bin;C:\Users\nec\AppData\Local\Microsoft\WindowsApps;;C:\Users\nec\AppData\Local\Programs\Fiddler;C:\pleiades-4.7.1-ultimate-win-64bit-jre_20171019\pleiades\eclipse;;.]
2018-06-29 18:40:43.799[localhost-startStop-1][INFO ][org.apache.catalina.core.ContainerBase.[Tomcat].[localhost].[/]] Initializing Spring embedded WebApplicationContext
2018-06-29 18:40:43.800[localhost-startStop-1][INFO ][org.springframework.web.context.ContextLoader] Root WebApplicationContext: initialization completed in 3055 ms
2018-06-29 18:40:44.099[localhost-startStop-1][INFO ][org.springframework.boot.web.servlet.FilterRegistrationBean] Mapping filter: 'characterEncodingFilter' to: [/*]
2018-06-29 18:40:44.100[localhost-startStop-1][INFO ][org.springframework.boot.web.servlet.FilterRegistrationBean] Mapping filter: 'hiddenHttpMethodFilter' to: [/*]
2018-06-29 18:40:44.100[localhost-startStop-1][INFO ][org.springframework.boot.web.servlet.FilterRegistrationBean] Mapping filter: 'httpPutFormContentFilter' to: [/*]
2018-06-29 18:40:44.100[localhost-startStop-1][INFO ][org.springframework.boot.web.servlet.FilterRegistrationBean] Mapping filter: 'requestContextFilter' to: [/*]
2018-06-29 18:40:44.101[localhost-startStop-1][INFO ][org.springframework.boot.web.servlet.DelegatingFilterProxyRegistrationBean] Mapping filter: 'springSecurityFilterChain' to: [/*]
2018-06-29 18:40:44.101[localhost-startStop-1][INFO ][org.springframework.boot.web.servlet.ServletRegistrationBean] Servlet dispatcherServlet mapped to [/]
2018-06-29 18:40:44.470[main][WARN ][org.springframework.boot.web.servlet.context.AnnotationConfigServletWebServerApplicationContext] Exception encountered during context initialization - cancelling refresh attempt: org.springframework.beans.factory.UnsatisfiedDependencyException: Error creating bean with name 'webSecurityConfig': Unsatisfied dependency expressed through field 'userDetailsService'; nested exception is org.springframework.beans.factory.UnsatisfiedDependencyException: Error creating bean with name 'userDetailsServiceImpl': Unsatisfied dependency expressed through field 'userRepository'; nested exception is org.springframework.beans.factory.NoSuchBeanDefinitionException: No qualifying bean of type 'co.jp.yuki.koike.sample.domain.repository.user.UserRepository' available: expected at least 1 bean which qualifies as autowire candidate. Dependency annotations: {@org.springframework.beans.factory.annotation.Autowired(required=true)}
2018-06-29 18:40:44.485[main][INFO ][org.apache.catalina.core.StandardService] Stopping service [Tomcat]
2018-06-29 18:40:44.541[main][INFO ][org.springframework.boot.autoconfigure.logging.ConditionEvaluationReportLoggingListener] 

Error starting ApplicationContext. To display the conditions report re-run your application with 'debug' enabled.
2018-06-29 18:40:44.740[main][ERROR][org.springframework.boot.diagnostics.LoggingFailureAnalysisReporter] 

***************************
APPLICATION FAILED TO START
***************************

Description:

Field userRepository in co.jp.yuki.koike.sample.domain.service.user.UserDetailsServiceImpl required a bean of type 'co.jp.yuki.koike.sample.domain.repository.user.UserRepository' that could not be found.


Action:

Consider defining a bean of type 'co.jp.yuki.koike.sample.domain.repository.user.UserRepository' in your configuration.

2018-06-29 18:54:10.825[main][INFO ][co.jp.yuki.koike.sample.SampleApplication] Starting SampleApplication on DESKTOP-BD2CRPU with PID 14068 (C:\Users\nec\git\sample\target\classes started by nec in C:\Users\nec\git\sample)
2018-06-29 18:54:10.856[main][INFO ][co.jp.yuki.koike.sample.SampleApplication] No active profile set, falling back to default profiles: default
2018-06-29 18:54:11.006[main][INFO ][org.springframework.boot.web.servlet.context.AnnotationConfigServletWebServerApplicationContext] Refreshing org.springframework.boot.web.servlet.context.AnnotationConfigServletWebServerApplicationContext@6adbc9d: startup date [Fri Jun 29 18:54:11 JST 2018]; root of context hierarchy
2018-06-29 18:54:20.902[main][INFO ][org.springframework.boot.web.embedded.tomcat.TomcatWebServer] Tomcat initialized with port(s): 8080 (http)
2018-06-29 18:54:21.175[main][INFO ][org.apache.coyote.http11.Http11NioProtocol] Initializing ProtocolHandler ["http-nio-8080"]
2018-06-29 18:54:21.315[main][INFO ][org.apache.catalina.core.StandardService] Starting service [Tomcat]
2018-06-29 18:54:21.316[main][INFO ][org.apache.catalina.core.StandardEngine] Starting Servlet Engine: Apache Tomcat/8.5.29
2018-06-29 18:54:21.431[localhost-startStop-1][INFO ][org.apache.catalina.core.AprLifecycleListener] The APR based Apache Tomcat Native library which allows optimal performance in production environments was not found on the java.library.path: [C:\pleiades-4.7.1-ultimate-win-64bit-jre_20171019\pleiades\eclipse\jre\bin;C:\WINDOWS\Sun\Java\bin;C:\WINDOWS\system32;C:\WINDOWS;C:/pleiades-4.7.1-ultimate-win-64bit-jre_20171019/pleiades/eclipse/jre/bin/../jre/bin/server;C:/pleiades-4.7.1-ultimate-win-64bit-jre_20171019/pleiades/eclipse/jre/bin/../jre/bin;C:/pleiades-4.7.1-ultimate-win-64bit-jre_20171019/pleiades/eclipse/jre/bin/../jre/lib/amd64;C:\app\nec\product\12.2.0\dbhome_1\bin;C:\ProgramData\Oracle\Java\javapath;C:\WINDOWS\system32;C:\WINDOWS;C:\WINDOWS\System32\Wbem;C:\WINDOWS\System32\WindowsPowerShell\v1.0\;C:\Program Files (x86)\Skype\Phone\;C:\Program Files\Java\jdk1.8.0_151\bin;C:\HashiCorp\Vagrant\bin;C:\Program Files\PuTTY\;C:\Program Files\TortoiseSVN\bin;C:\Program Files\TortoiseGit\bin;C:\Program Files (x86)\Nodist\bin;C:\Users\nec\AppData\Local\Microsoft\WindowsApps;;C:\Users\nec\AppData\Local\Programs\Fiddler;C:\pleiades-4.7.1-ultimate-win-64bit-jre_20171019\pleiades\eclipse;;.]
2018-06-29 18:54:22.768[localhost-startStop-1][INFO ][org.apache.catalina.core.ContainerBase.[Tomcat].[localhost].[/]] Initializing Spring embedded WebApplicationContext
2018-06-29 18:54:22.769[localhost-startStop-1][INFO ][org.springframework.web.context.ContextLoader] Root WebApplicationContext: initialization completed in 11764 ms
2018-06-29 18:54:23.166[localhost-startStop-1][INFO ][org.springframework.boot.web.servlet.FilterRegistrationBean] Mapping filter: 'characterEncodingFilter' to: [/*]
2018-06-29 18:54:23.167[localhost-startStop-1][INFO ][org.springframework.boot.web.servlet.FilterRegistrationBean] Mapping filter: 'hiddenHttpMethodFilter' to: [/*]
2018-06-29 18:54:23.168[localhost-startStop-1][INFO ][org.springframework.boot.web.servlet.FilterRegistrationBean] Mapping filter: 'httpPutFormContentFilter' to: [/*]
2018-06-29 18:54:23.168[localhost-startStop-1][INFO ][org.springframework.boot.web.servlet.FilterRegistrationBean] Mapping filter: 'requestContextFilter' to: [/*]
2018-06-29 18:54:23.169[localhost-startStop-1][INFO ][org.springframework.boot.web.servlet.DelegatingFilterProxyRegistrationBean] Mapping filter: 'springSecurityFilterChain' to: [/*]
2018-06-29 18:54:23.169[localhost-startStop-1][INFO ][org.springframework.boot.web.servlet.ServletRegistrationBean] Servlet dispatcherServlet mapped to [/]
2018-06-29 18:54:23.867[main][WARN ][org.springframework.boot.web.servlet.context.AnnotationConfigServletWebServerApplicationContext] Exception encountered during context initialization - cancelling refresh attempt: org.springframework.beans.factory.UnsatisfiedDependencyException: Error creating bean with name 'webSecurityConfig': Unsatisfied dependency expressed through field 'userDetailsService'; nested exception is org.springframework.beans.factory.UnsatisfiedDependencyException: Error creating bean with name 'userDetailsServiceImpl': Unsatisfied dependency expressed through field 'userRepository'; nested exception is org.springframework.beans.factory.NoSuchBeanDefinitionException: No qualifying bean of type 'co.jp.yuki.koike.sample.domain.repository.user.UserRepository' available: expected at least 1 bean which qualifies as autowire candidate. Dependency annotations: {@org.springframework.beans.factory.annotation.Autowired(required=true)}
2018-06-29 18:54:23.948[main][INFO ][org.apache.catalina.core.StandardService] Stopping service [Tomcat]
2018-06-29 18:54:24.659[main][INFO ][org.springframework.boot.autoconfigure.logging.ConditionEvaluationReportLoggingListener] 

Error starting ApplicationContext. To display the conditions report re-run your application with 'debug' enabled.
2018-06-29 18:54:24.853[main][ERROR][org.springframework.boot.diagnostics.LoggingFailureAnalysisReporter] 

***************************
APPLICATION FAILED TO START
***************************

Description:

Field userRepository in co.jp.yuki.koike.sample.domain.service.user.UserDetailsServiceImpl required a bean of type 'co.jp.yuki.koike.sample.domain.repository.user.UserRepository' that could not be found.


Action:

Consider defining a bean of type 'co.jp.yuki.koike.sample.domain.repository.user.UserRepository' in your configuration.

2018-06-29 21:21:37.143[main][INFO ][co.jp.yuki.koike.sample.SampleApplication] Starting SampleApplication on DESKTOP-BD2CRPU with PID 12864 (C:\Users\nec\git\sample\target\classes started by nec in C:\Users\nec\git\sample)
2018-06-29 21:21:37.170[main][INFO ][co.jp.yuki.koike.sample.SampleApplication] No active profile set, falling back to default profiles: default
2018-06-29 21:21:37.337[main][INFO ][org.springframework.boot.web.servlet.context.AnnotationConfigServletWebServerApplicationContext] Refreshing org.springframework.boot.web.servlet.context.AnnotationConfigServletWebServerApplicationContext@74f0ea28: startup date [Fri Jun 29 21:21:37 JST 2018]; root of context hierarchy
2018-06-29 21:21:39.972[main][INFO ][org.springframework.boot.web.embedded.tomcat.TomcatWebServer] Tomcat initialized with port(s): 8080 (http)
2018-06-29 21:21:39.996[main][INFO ][org.apache.coyote.http11.Http11NioProtocol] Initializing ProtocolHandler ["http-nio-8080"]
2018-06-29 21:21:40.011[main][INFO ][org.apache.catalina.core.StandardService] Starting service [Tomcat]
2018-06-29 21:21:40.012[main][INFO ][org.apache.catalina.core.StandardEngine] Starting Servlet Engine: Apache Tomcat/8.5.29
2018-06-29 21:21:40.033[localhost-startStop-1][INFO ][org.apache.catalina.core.AprLifecycleListener] The APR based Apache Tomcat Native library which allows optimal performance in production environments was not found on the java.library.path: [C:\pleiades-4.7.1-ultimate-win-64bit-jre_20171019\pleiades\eclipse\jre\bin;C:\WINDOWS\Sun\Java\bin;C:\WINDOWS\system32;C:\WINDOWS;C:/pleiades-4.7.1-ultimate-win-64bit-jre_20171019/pleiades/eclipse/jre/bin/../jre/bin/server;C:/pleiades-4.7.1-ultimate-win-64bit-jre_20171019/pleiades/eclipse/jre/bin/../jre/bin;C:/pleiades-4.7.1-ultimate-win-64bit-jre_20171019/pleiades/eclipse/jre/bin/../jre/lib/amd64;C:\app\nec\product\12.2.0\dbhome_1\bin;C:\ProgramData\Oracle\Java\javapath;C:\WINDOWS\system32;C:\WINDOWS;C:\WINDOWS\System32\Wbem;C:\WINDOWS\System32\WindowsPowerShell\v1.0\;C:\Program Files (x86)\Skype\Phone\;C:\Program Files\Java\jdk1.8.0_151\bin;C:\HashiCorp\Vagrant\bin;C:\Program Files\PuTTY\;C:\Program Files\TortoiseSVN\bin;C:\Program Files\TortoiseGit\bin;C:\Program Files (x86)\Nodist\bin;C:\Users\nec\AppData\Local\Microsoft\WindowsApps;;C:\Users\nec\AppData\Local\Programs\Fiddler;C:\pleiades-4.7.1-ultimate-win-64bit-jre_20171019\pleiades\eclipse;;.]
2018-06-29 21:21:40.275[localhost-startStop-1][INFO ][org.apache.catalina.core.ContainerBase.[Tomcat].[localhost].[/]] Initializing Spring embedded WebApplicationContext
2018-06-29 21:21:40.276[localhost-startStop-1][INFO ][org.springframework.web.context.ContextLoader] Root WebApplicationContext: initialization completed in 2939 ms
2018-06-29 21:21:40.671[localhost-startStop-1][INFO ][org.springframework.boot.web.servlet.FilterRegistrationBean] Mapping filter: 'characterEncodingFilter' to: [/*]
2018-06-29 21:21:40.671[localhost-startStop-1][INFO ][org.springframework.boot.web.servlet.FilterRegistrationBean] Mapping filter: 'hiddenHttpMethodFilter' to: [/*]
2018-06-29 21:21:40.671[localhost-startStop-1][INFO ][org.springframework.boot.web.servlet.FilterRegistrationBean] Mapping filter: 'httpPutFormContentFilter' to: [/*]
2018-06-29 21:21:40.672[localhost-startStop-1][INFO ][org.springframework.boot.web.servlet.FilterRegistrationBean] Mapping filter: 'requestContextFilter' to: [/*]
2018-06-29 21:21:40.672[localhost-startStop-1][INFO ][org.springframework.boot.web.servlet.DelegatingFilterProxyRegistrationBean] Mapping filter: 'springSecurityFilterChain' to: [/*]
2018-06-29 21:21:40.673[localhost-startStop-1][INFO ][org.springframework.boot.web.servlet.ServletRegistrationBean] Servlet dispatcherServlet mapped to [/]
2018-06-29 21:21:40.987[main][WARN ][org.springframework.boot.web.servlet.context.AnnotationConfigServletWebServerApplicationContext] Exception encountered during context initialization - cancelling refresh attempt: org.springframework.beans.factory.UnsatisfiedDependencyException: Error creating bean with name 'webSecurityConfig': Unsatisfied dependency expressed through field 'userDetailsService'; nested exception is org.springframework.beans.factory.UnsatisfiedDependencyException: Error creating bean with name 'userDetailsServiceImpl': Unsatisfied dependency expressed through field 'userRepository'; nested exception is org.springframework.beans.factory.NoSuchBeanDefinitionException: No qualifying bean of type 'co.jp.yuki.koike.sample.domain.repository.user.UserRepository' available: expected at least 1 bean which qualifies as autowire candidate. Dependency annotations: {@org.springframework.beans.factory.annotation.Autowired(required=true)}
2018-06-29 21:21:40.996[main][INFO ][org.apache.catalina.core.StandardService] Stopping service [Tomcat]
2018-06-29 21:21:41.079[main][INFO ][org.springframework.boot.autoconfigure.logging.ConditionEvaluationReportLoggingListener] 

Error starting ApplicationContext. To display the conditions report re-run your application with 'debug' enabled.
2018-06-29 21:21:41.334[main][ERROR][org.springframework.boot.diagnostics.LoggingFailureAnalysisReporter] 

***************************
APPLICATION FAILED TO START
***************************

Description:

Field userRepository in co.jp.yuki.koike.sample.domain.service.user.UserDetailsServiceImpl required a bean of type 'co.jp.yuki.koike.sample.domain.repository.user.UserRepository' that could not be found.


Action:

Consider defining a bean of type 'co.jp.yuki.koike.sample.domain.repository.user.UserRepository' in your configuration.

2018-06-29 21:30:56.471[main][INFO ][co.jp.yuki.koike.sample.SampleApplication] Starting SampleApplication on DESKTOP-BD2CRPU with PID 13484 (C:\Users\nec\git\sample\target\classes started by nec in C:\Users\nec\git\sample)
2018-06-29 21:30:56.479[main][INFO ][co.jp.yuki.koike.sample.SampleApplication] No active profile set, falling back to default profiles: default
2018-06-29 21:30:56.669[main][INFO ][org.springframework.boot.web.servlet.context.AnnotationConfigServletWebServerApplicationContext] Refreshing org.springframework.boot.web.servlet.context.AnnotationConfigServletWebServerApplicationContext@49139829: startup date [Fri Jun 29 21:30:56 JST 2018]; root of context hierarchy
2018-06-29 21:30:59.391[main][INFO ][org.springframework.boot.web.embedded.tomcat.TomcatWebServer] Tomcat initialized with port(s): 8080 (http)
2018-06-29 21:30:59.413[main][INFO ][org.apache.coyote.http11.Http11NioProtocol] Initializing ProtocolHandler ["http-nio-8080"]
2018-06-29 21:30:59.429[main][INFO ][org.apache.catalina.core.StandardService] Starting service [Tomcat]
2018-06-29 21:30:59.429[main][INFO ][org.apache.catalina.core.StandardEngine] Starting Servlet Engine: Apache Tomcat/8.5.29
2018-06-29 21:30:59.438[localhost-startStop-1][INFO ][org.apache.catalina.core.AprLifecycleListener] The APR based Apache Tomcat Native library which allows optimal performance in production environments was not found on the java.library.path: [C:\pleiades-4.7.1-ultimate-win-64bit-jre_20171019\pleiades\eclipse\jre\bin;C:\WINDOWS\Sun\Java\bin;C:\WINDOWS\system32;C:\WINDOWS;C:/pleiades-4.7.1-ultimate-win-64bit-jre_20171019/pleiades/eclipse/jre/bin/../jre/bin/server;C:/pleiades-4.7.1-ultimate-win-64bit-jre_20171019/pleiades/eclipse/jre/bin/../jre/bin;C:/pleiades-4.7.1-ultimate-win-64bit-jre_20171019/pleiades/eclipse/jre/bin/../jre/lib/amd64;C:\app\nec\product\12.2.0\dbhome_1\bin;C:\ProgramData\Oracle\Java\javapath;C:\WINDOWS\system32;C:\WINDOWS;C:\WINDOWS\System32\Wbem;C:\WINDOWS\System32\WindowsPowerShell\v1.0\;C:\Program Files (x86)\Skype\Phone\;C:\Program Files\Java\jdk1.8.0_151\bin;C:\HashiCorp\Vagrant\bin;C:\Program Files\PuTTY\;C:\Program Files\TortoiseSVN\bin;C:\Program Files\TortoiseGit\bin;C:\Program Files (x86)\Nodist\bin;C:\Users\nec\AppData\Local\Microsoft\WindowsApps;;C:\Users\nec\AppData\Local\Programs\Fiddler;C:\pleiades-4.7.1-ultimate-win-64bit-jre_20171019\pleiades\eclipse;;.]
2018-06-29 21:30:59.622[localhost-startStop-1][INFO ][org.apache.catalina.core.ContainerBase.[Tomcat].[localhost].[/]] Initializing Spring embedded WebApplicationContext
2018-06-29 21:30:59.622[localhost-startStop-1][INFO ][org.springframework.web.context.ContextLoader] Root WebApplicationContext: initialization completed in 2954 ms
2018-06-29 21:30:59.965[localhost-startStop-1][INFO ][org.springframework.boot.web.servlet.FilterRegistrationBean] Mapping filter: 'characterEncodingFilter' to: [/*]
2018-06-29 21:30:59.966[localhost-startStop-1][INFO ][org.springframework.boot.web.servlet.FilterRegistrationBean] Mapping filter: 'hiddenHttpMethodFilter' to: [/*]
2018-06-29 21:30:59.966[localhost-startStop-1][INFO ][org.springframework.boot.web.servlet.FilterRegistrationBean] Mapping filter: 'httpPutFormContentFilter' to: [/*]
2018-06-29 21:30:59.967[localhost-startStop-1][INFO ][org.springframework.boot.web.servlet.FilterRegistrationBean] Mapping filter: 'requestContextFilter' to: [/*]
2018-06-29 21:30:59.968[localhost-startStop-1][INFO ][org.springframework.boot.web.servlet.DelegatingFilterProxyRegistrationBean] Mapping filter: 'springSecurityFilterChain' to: [/*]
2018-06-29 21:30:59.969[localhost-startStop-1][INFO ][org.springframework.boot.web.servlet.ServletRegistrationBean] Servlet dispatcherServlet mapped to [/]
2018-06-29 21:31:00.257[main][WARN ][org.springframework.boot.web.servlet.context.AnnotationConfigServletWebServerApplicationContext] Exception encountered during context initialization - cancelling refresh attempt: org.springframework.beans.factory.UnsatisfiedDependencyException: Error creating bean with name 'webSecurityConfig': Unsatisfied dependency expressed through field 'userDetailsService'; nested exception is org.springframework.beans.factory.UnsatisfiedDependencyException: Error creating bean with name 'userDetailsServiceImpl': Unsatisfied dependency expressed through field 'userRepository'; nested exception is org.springframework.beans.factory.NoSuchBeanDefinitionException: No qualifying bean of type 'co.jp.yuki.koike.sample.domain.repository.user.UserRepository' available: expected at least 1 bean which qualifies as autowire candidate. Dependency annotations: {@org.springframework.beans.factory.annotation.Autowired(required=true)}
2018-06-29 21:31:00.262[main][INFO ][org.apache.catalina.core.StandardService] Stopping service [Tomcat]
2018-06-29 21:31:00.287[main][INFO ][org.springframework.boot.autoconfigure.logging.ConditionEvaluationReportLoggingListener] 

Error starting ApplicationContext. To display the conditions report re-run your application with 'debug' enabled.
2018-06-29 21:31:00.478[main][ERROR][org.springframework.boot.diagnostics.LoggingFailureAnalysisReporter] 

***************************
APPLICATION FAILED TO START
***************************

Description:

Field userRepository in co.jp.yuki.koike.sample.domain.service.user.UserDetailsServiceImpl required a bean of type 'co.jp.yuki.koike.sample.domain.repository.user.UserRepository' that could not be found.


Action:

Consider defining a bean of type 'co.jp.yuki.koike.sample.domain.repository.user.UserRepository' in your configuration.

2018-06-29 21:32:40.444[main][INFO ][co.jp.yuki.koike.sample.SampleApplication] Starting SampleApplication on DESKTOP-BD2CRPU with PID 16136 (C:\Users\nec\git\sample\target\classes started by nec in C:\Users\nec\git\sample)
2018-06-29 21:32:40.482[main][INFO ][co.jp.yuki.koike.sample.SampleApplication] No active profile set, falling back to default profiles: default
2018-06-29 21:32:40.579[main][INFO ][org.springframework.boot.web.servlet.context.AnnotationConfigServletWebServerApplicationContext] Refreshing org.springframework.boot.web.servlet.context.AnnotationConfigServletWebServerApplicationContext@6adbc9d: startup date [Fri Jun 29 21:32:40 JST 2018]; root of context hierarchy
2018-06-29 21:32:42.857[main][INFO ][org.springframework.boot.web.embedded.tomcat.TomcatWebServer] Tomcat initialized with port(s): 8080 (http)
2018-06-29 21:32:42.879[main][INFO ][org.apache.coyote.http11.Http11NioProtocol] Initializing ProtocolHandler ["http-nio-8080"]
2018-06-29 21:32:42.893[main][INFO ][org.apache.catalina.core.StandardService] Starting service [Tomcat]
2018-06-29 21:32:42.894[main][INFO ][org.apache.catalina.core.StandardEngine] Starting Servlet Engine: Apache Tomcat/8.5.29
2018-06-29 21:32:42.902[localhost-startStop-1][INFO ][org.apache.catalina.core.AprLifecycleListener] The APR based Apache Tomcat Native library which allows optimal performance in production environments was not found on the java.library.path: [C:\pleiades-4.7.1-ultimate-win-64bit-jre_20171019\pleiades\eclipse\jre\bin;C:\WINDOWS\Sun\Java\bin;C:\WINDOWS\system32;C:\WINDOWS;C:/pleiades-4.7.1-ultimate-win-64bit-jre_20171019/pleiades/eclipse/jre/bin/../jre/bin/server;C:/pleiades-4.7.1-ultimate-win-64bit-jre_20171019/pleiades/eclipse/jre/bin/../jre/bin;C:/pleiades-4.7.1-ultimate-win-64bit-jre_20171019/pleiades/eclipse/jre/bin/../jre/lib/amd64;C:\app\nec\product\12.2.0\dbhome_1\bin;C:\ProgramData\Oracle\Java\javapath;C:\WINDOWS\system32;C:\WINDOWS;C:\WINDOWS\System32\Wbem;C:\WINDOWS\System32\WindowsPowerShell\v1.0\;C:\Program Files (x86)\Skype\Phone\;C:\Program Files\Java\jdk1.8.0_151\bin;C:\HashiCorp\Vagrant\bin;C:\Program Files\PuTTY\;C:\Program Files\TortoiseSVN\bin;C:\Program Files\TortoiseGit\bin;C:\Program Files (x86)\Nodist\bin;C:\Users\nec\AppData\Local\Microsoft\WindowsApps;;C:\Users\nec\AppData\Local\Programs\Fiddler;C:\pleiades-4.7.1-ultimate-win-64bit-jre_20171019\pleiades\eclipse;;.]
2018-06-29 21:32:43.095[localhost-startStop-1][INFO ][org.apache.catalina.core.ContainerBase.[Tomcat].[localhost].[/]] Initializing Spring embedded WebApplicationContext
2018-06-29 21:32:43.099[localhost-startStop-1][INFO ][org.springframework.web.context.ContextLoader] Root WebApplicationContext: initialization completed in 2520 ms
2018-06-29 21:32:43.404[localhost-startStop-1][INFO ][org.springframework.boot.web.servlet.FilterRegistrationBean] Mapping filter: 'characterEncodingFilter' to: [/*]
2018-06-29 21:32:43.405[localhost-startStop-1][INFO ][org.springframework.boot.web.servlet.FilterRegistrationBean] Mapping filter: 'hiddenHttpMethodFilter' to: [/*]
2018-06-29 21:32:43.405[localhost-startStop-1][INFO ][org.springframework.boot.web.servlet.FilterRegistrationBean] Mapping filter: 'httpPutFormContentFilter' to: [/*]
2018-06-29 21:32:43.405[localhost-startStop-1][INFO ][org.springframework.boot.web.servlet.FilterRegistrationBean] Mapping filter: 'requestContextFilter' to: [/*]
2018-06-29 21:32:43.406[localhost-startStop-1][INFO ][org.springframework.boot.web.servlet.DelegatingFilterProxyRegistrationBean] Mapping filter: 'springSecurityFilterChain' to: [/*]
2018-06-29 21:32:43.406[localhost-startStop-1][INFO ][org.springframework.boot.web.servlet.ServletRegistrationBean] Servlet dispatcherServlet mapped to [/]
2018-06-29 21:32:43.685[main][WARN ][org.springframework.boot.web.servlet.context.AnnotationConfigServletWebServerApplicationContext] Exception encountered during context initialization - cancelling refresh attempt: org.springframework.beans.factory.UnsatisfiedDependencyException: Error creating bean with name 'webSecurityConfig': Unsatisfied dependency expressed through field 'userDetailsService'; nested exception is org.springframework.beans.factory.UnsatisfiedDependencyException: Error creating bean with name 'userDetailsServiceImpl': Unsatisfied dependency expressed through field 'userRepository'; nested exception is org.springframework.beans.factory.NoSuchBeanDefinitionException: No qualifying bean of type 'co.jp.yuki.koike.sample.domain.repository.user.UserRepository' available: expected at least 1 bean which qualifies as autowire candidate. Dependency annotations: {@org.springframework.beans.factory.annotation.Autowired(required=true)}
2018-06-29 21:32:43.689[main][INFO ][org.apache.catalina.core.StandardService] Stopping service [Tomcat]
2018-06-29 21:32:43.715[main][INFO ][org.springframework.boot.autoconfigure.logging.ConditionEvaluationReportLoggingListener] 

Error starting ApplicationContext. To display the conditions report re-run your application with 'debug' enabled.
2018-06-29 21:32:43.942[main][ERROR][org.springframework.boot.diagnostics.LoggingFailureAnalysisReporter] 

***************************
APPLICATION FAILED TO START
***************************

Description:

Field userRepository in co.jp.yuki.koike.sample.domain.service.user.UserDetailsServiceImpl required a bean of type 'co.jp.yuki.koike.sample.domain.repository.user.UserRepository' that could not be found.


Action:

Consider defining a bean of type 'co.jp.yuki.koike.sample.domain.repository.user.UserRepository' in your configuration.

2018-06-29 21:44:27.499[main][INFO ][co.jp.yuki.koike.sample.SampleApplication] Starting SampleApplication on DESKTOP-BD2CRPU with PID 6292 (C:\Users\nec\git\sample\target\classes started by nec in C:\Users\nec\git\sample)
2018-06-29 21:44:27.511[main][INFO ][co.jp.yuki.koike.sample.SampleApplication] No active profile set, falling back to default profiles: default
2018-06-29 21:44:27.597[main][INFO ][org.springframework.boot.web.servlet.context.AnnotationConfigServletWebServerApplicationContext] Refreshing org.springframework.boot.web.servlet.context.AnnotationConfigServletWebServerApplicationContext@6adbc9d: startup date [Fri Jun 29 21:44:27 JST 2018]; root of context hierarchy
2018-06-29 21:44:29.773[main][INFO ][org.springframework.boot.web.embedded.tomcat.TomcatWebServer] Tomcat initialized with port(s): 8080 (http)
2018-06-29 21:44:29.795[main][INFO ][org.apache.coyote.http11.Http11NioProtocol] Initializing ProtocolHandler ["http-nio-8080"]
2018-06-29 21:44:29.810[main][INFO ][org.apache.catalina.core.StandardService] Starting service [Tomcat]
2018-06-29 21:44:29.811[main][INFO ][org.apache.catalina.core.StandardEngine] Starting Servlet Engine: Apache Tomcat/8.5.29
2018-06-29 21:44:29.821[localhost-startStop-1][INFO ][org.apache.catalina.core.AprLifecycleListener] The APR based Apache Tomcat Native library which allows optimal performance in production environments was not found on the java.library.path: [C:\pleiades-4.7.1-ultimate-win-64bit-jre_20171019\pleiades\eclipse\jre\bin;C:\WINDOWS\Sun\Java\bin;C:\WINDOWS\system32;C:\WINDOWS;C:/pleiades-4.7.1-ultimate-win-64bit-jre_20171019/pleiades/eclipse/jre/bin/../jre/bin/server;C:/pleiades-4.7.1-ultimate-win-64bit-jre_20171019/pleiades/eclipse/jre/bin/../jre/bin;C:/pleiades-4.7.1-ultimate-win-64bit-jre_20171019/pleiades/eclipse/jre/bin/../jre/lib/amd64;C:\app\nec\product\12.2.0\dbhome_1\bin;C:\ProgramData\Oracle\Java\javapath;C:\WINDOWS\system32;C:\WINDOWS;C:\WINDOWS\System32\Wbem;C:\WINDOWS\System32\WindowsPowerShell\v1.0\;C:\Program Files (x86)\Skype\Phone\;C:\Program Files\Java\jdk1.8.0_151\bin;C:\HashiCorp\Vagrant\bin;C:\Program Files\PuTTY\;C:\Program Files\TortoiseSVN\bin;C:\Program Files\TortoiseGit\bin;C:\Program Files (x86)\Nodist\bin;C:\Users\nec\AppData\Local\Microsoft\WindowsApps;;C:\Users\nec\AppData\Local\Programs\Fiddler;C:\pleiades-4.7.1-ultimate-win-64bit-jre_20171019\pleiades\eclipse;;.]
2018-06-29 21:44:30.002[localhost-startStop-1][INFO ][org.apache.catalina.core.ContainerBase.[Tomcat].[localhost].[/]] Initializing Spring embedded WebApplicationContext
2018-06-29 21:44:30.003[localhost-startStop-1][INFO ][org.springframework.web.context.ContextLoader] Root WebApplicationContext: initialization completed in 2406 ms
2018-06-29 21:44:30.337[localhost-startStop-1][INFO ][org.springframework.boot.web.servlet.FilterRegistrationBean] Mapping filter: 'characterEncodingFilter' to: [/*]
2018-06-29 21:44:30.338[localhost-startStop-1][INFO ][org.springframework.boot.web.servlet.FilterRegistrationBean] Mapping filter: 'hiddenHttpMethodFilter' to: [/*]
2018-06-29 21:44:30.339[localhost-startStop-1][INFO ][org.springframework.boot.web.servlet.FilterRegistrationBean] Mapping filter: 'httpPutFormContentFilter' to: [/*]
2018-06-29 21:44:30.339[localhost-startStop-1][INFO ][org.springframework.boot.web.servlet.FilterRegistrationBean] Mapping filter: 'requestContextFilter' to: [/*]
2018-06-29 21:44:30.340[localhost-startStop-1][INFO ][org.springframework.boot.web.servlet.DelegatingFilterProxyRegistrationBean] Mapping filter: 'springSecurityFilterChain' to: [/*]
2018-06-29 21:44:30.340[localhost-startStop-1][INFO ][org.springframework.boot.web.servlet.ServletRegistrationBean] Servlet dispatcherServlet mapped to [/]
2018-06-29 21:44:30.796[main][WARN ][org.springframework.boot.web.servlet.context.AnnotationConfigServletWebServerApplicationContext] Exception encountered during context initialization - cancelling refresh attempt: org.springframework.beans.factory.UnsatisfiedDependencyException: Error creating bean with name 'webSecurityConfig': Unsatisfied dependency expressed through field 'userDetailsService'; nested exception is org.springframework.beans.factory.UnsatisfiedDependencyException: Error creating bean with name 'userDetailsServiceImpl': Unsatisfied dependency expressed through field 'userRepository'; nested exception is org.springframework.beans.factory.NoSuchBeanDefinitionException: No qualifying bean of type 'co.jp.yuki.koike.sample.domain.repository.user.UserRepository' available: expected at least 1 bean which qualifies as autowire candidate. Dependency annotations: {@org.springframework.beans.factory.annotation.Autowired(required=true)}
2018-06-29 21:44:30.802[main][INFO ][org.apache.catalina.core.StandardService] Stopping service [Tomcat]
2018-06-29 21:44:30.828[main][INFO ][org.springframework.boot.autoconfigure.logging.ConditionEvaluationReportLoggingListener] 

Error starting ApplicationContext. To display the conditions report re-run your application with 'debug' enabled.
2018-06-29 21:44:31.003[main][ERROR][org.springframework.boot.diagnostics.LoggingFailureAnalysisReporter] 

***************************
APPLICATION FAILED TO START
***************************

Description:

Field userRepository in co.jp.yuki.koike.sample.domain.service.user.UserDetailsServiceImpl required a bean of type 'co.jp.yuki.koike.sample.domain.repository.user.UserRepository' that could not be found.


Action:

Consider defining a bean of type 'co.jp.yuki.koike.sample.domain.repository.user.UserRepository' in your configuration.

2018-06-29 21:47:20.605[main][INFO ][co.jp.yuki.koike.sample.SampleApplication] Starting SampleApplication on DESKTOP-BD2CRPU with PID 15828 (C:\Users\nec\git\sample\target\classes started by nec in C:\Users\nec\git\sample)
2018-06-29 21:47:20.621[main][INFO ][co.jp.yuki.koike.sample.SampleApplication] No active profile set, falling back to default profiles: default
2018-06-29 21:47:20.703[main][INFO ][org.springframework.boot.web.servlet.context.AnnotationConfigServletWebServerApplicationContext] Refreshing org.springframework.boot.web.servlet.context.AnnotationConfigServletWebServerApplicationContext@49139829: startup date [Fri Jun 29 21:47:20 JST 2018]; root of context hierarchy
2018-06-29 21:47:22.943[main][INFO ][org.springframework.boot.web.embedded.tomcat.TomcatWebServer] Tomcat initialized with port(s): 8080 (http)
2018-06-29 21:47:22.965[main][INFO ][org.apache.coyote.http11.Http11NioProtocol] Initializing ProtocolHandler ["http-nio-8080"]
2018-06-29 21:47:22.979[main][INFO ][org.apache.catalina.core.StandardService] Starting service [Tomcat]
2018-06-29 21:47:22.979[main][INFO ][org.apache.catalina.core.StandardEngine] Starting Servlet Engine: Apache Tomcat/8.5.29
2018-06-29 21:47:22.988[localhost-startStop-1][INFO ][org.apache.catalina.core.AprLifecycleListener] The APR based Apache Tomcat Native library which allows optimal performance in production environments was not found on the java.library.path: [C:\pleiades-4.7.1-ultimate-win-64bit-jre_20171019\pleiades\eclipse\jre\bin;C:\WINDOWS\Sun\Java\bin;C:\WINDOWS\system32;C:\WINDOWS;C:/pleiades-4.7.1-ultimate-win-64bit-jre_20171019/pleiades/eclipse/jre/bin/../jre/bin/server;C:/pleiades-4.7.1-ultimate-win-64bit-jre_20171019/pleiades/eclipse/jre/bin/../jre/bin;C:/pleiades-4.7.1-ultimate-win-64bit-jre_20171019/pleiades/eclipse/jre/bin/../jre/lib/amd64;C:\app\nec\product\12.2.0\dbhome_1\bin;C:\ProgramData\Oracle\Java\javapath;C:\WINDOWS\system32;C:\WINDOWS;C:\WINDOWS\System32\Wbem;C:\WINDOWS\System32\WindowsPowerShell\v1.0\;C:\Program Files (x86)\Skype\Phone\;C:\Program Files\Java\jdk1.8.0_151\bin;C:\HashiCorp\Vagrant\bin;C:\Program Files\PuTTY\;C:\Program Files\TortoiseSVN\bin;C:\Program Files\TortoiseGit\bin;C:\Program Files (x86)\Nodist\bin;C:\Users\nec\AppData\Local\Microsoft\WindowsApps;;C:\Users\nec\AppData\Local\Programs\Fiddler;C:\pleiades-4.7.1-ultimate-win-64bit-jre_20171019\pleiades\eclipse;;.]
2018-06-29 21:47:23.160[localhost-startStop-1][INFO ][org.apache.catalina.core.ContainerBase.[Tomcat].[localhost].[/]] Initializing Spring embedded WebApplicationContext
2018-06-29 21:47:23.161[localhost-startStop-1][INFO ][org.springframework.web.context.ContextLoader] Root WebApplicationContext: initialization completed in 2458 ms
2018-06-29 21:47:23.441[localhost-startStop-1][INFO ][org.springframework.boot.web.servlet.FilterRegistrationBean] Mapping filter: 'characterEncodingFilter' to: [/*]
2018-06-29 21:47:23.442[localhost-startStop-1][INFO ][org.springframework.boot.web.servlet.FilterRegistrationBean] Mapping filter: 'hiddenHttpMethodFilter' to: [/*]
2018-06-29 21:47:23.442[localhost-startStop-1][INFO ][org.springframework.boot.web.servlet.FilterRegistrationBean] Mapping filter: 'httpPutFormContentFilter' to: [/*]
2018-06-29 21:47:23.442[localhost-startStop-1][INFO ][org.springframework.boot.web.servlet.FilterRegistrationBean] Mapping filter: 'requestContextFilter' to: [/*]
2018-06-29 21:47:23.443[localhost-startStop-1][INFO ][org.springframework.boot.web.servlet.DelegatingFilterProxyRegistrationBean] Mapping filter: 'springSecurityFilterChain' to: [/*]
2018-06-29 21:47:23.444[localhost-startStop-1][INFO ][org.springframework.boot.web.servlet.ServletRegistrationBean] Servlet dispatcherServlet mapped to [/]
2018-06-29 21:47:23.745[main][WARN ][org.springframework.boot.web.servlet.context.AnnotationConfigServletWebServerApplicationContext] Exception encountered during context initialization - cancelling refresh attempt: org.springframework.beans.factory.UnsatisfiedDependencyException: Error creating bean with name 'webSecurityConfig': Unsatisfied dependency expressed through field 'userDetailsService'; nested exception is org.springframework.beans.factory.UnsatisfiedDependencyException: Error creating bean with name 'userDetailsServiceImpl': Unsatisfied dependency expressed through field 'userRepository'; nested exception is org.springframework.beans.factory.NoSuchBeanDefinitionException: No qualifying bean of type 'co.jp.yuki.koike.sample.domain.repository.user.UserRepository' available: expected at least 1 bean which qualifies as autowire candidate. Dependency annotations: {@org.springframework.beans.factory.annotation.Autowired(required=true)}
2018-06-29 21:47:23.749[main][INFO ][org.apache.catalina.core.StandardService] Stopping service [Tomcat]
2018-06-29 21:47:23.773[main][INFO ][org.springframework.boot.autoconfigure.logging.ConditionEvaluationReportLoggingListener] 

Error starting ApplicationContext. To display the conditions report re-run your application with 'debug' enabled.
2018-06-29 21:47:23.965[main][ERROR][org.springframework.boot.diagnostics.LoggingFailureAnalysisReporter] 

***************************
APPLICATION FAILED TO START
***************************

Description:

Field userRepository in co.jp.yuki.koike.sample.domain.service.user.UserDetailsServiceImpl required a bean of type 'co.jp.yuki.koike.sample.domain.repository.user.UserRepository' that could not be found.


Action:

Consider defining a bean of type 'co.jp.yuki.koike.sample.domain.repository.user.UserRepository' in your configuration.

2018-06-29 22:01:57.501[main][INFO ][co.jp.yuki.koike.sample.SampleApplication] Starting SampleApplication on DESKTOP-BD2CRPU with PID 7524 (C:\Users\nec\git\sample\target\classes started by nec in C:\Users\nec\git\sample)
2018-06-29 22:01:57.558[main][INFO ][co.jp.yuki.koike.sample.SampleApplication] No active profile set, falling back to default profiles: default
2018-06-29 22:01:58.374[main][INFO ][org.springframework.boot.web.servlet.context.AnnotationConfigServletWebServerApplicationContext] Refreshing org.springframework.boot.web.servlet.context.AnnotationConfigServletWebServerApplicationContext@55183b20: startup date [Fri Jun 29 22:01:58 JST 2018]; root of context hierarchy
2018-06-29 22:02:17.082[main][INFO ][org.springframework.boot.web.embedded.tomcat.TomcatWebServer] Tomcat initialized with port(s): 8080 (http)
2018-06-29 22:02:17.490[main][INFO ][org.apache.coyote.http11.Http11NioProtocol] Initializing ProtocolHandler ["http-nio-8080"]
2018-06-29 22:02:17.609[main][INFO ][org.apache.catalina.core.StandardService] Starting service [Tomcat]
2018-06-29 22:02:17.610[main][INFO ][org.apache.catalina.core.StandardEngine] Starting Servlet Engine: Apache Tomcat/8.5.29
2018-06-29 22:02:17.905[localhost-startStop-1][INFO ][org.apache.catalina.core.AprLifecycleListener] The APR based Apache Tomcat Native library which allows optimal performance in production environments was not found on the java.library.path: [C:\pleiades-4.7.1-ultimate-win-64bit-jre_20171019\pleiades\eclipse\jre\bin;C:\WINDOWS\Sun\Java\bin;C:\WINDOWS\system32;C:\WINDOWS;C:/pleiades-4.7.1-ultimate-win-64bit-jre_20171019/pleiades/eclipse/jre/bin/../jre/bin/server;C:/pleiades-4.7.1-ultimate-win-64bit-jre_20171019/pleiades/eclipse/jre/bin/../jre/bin;C:/pleiades-4.7.1-ultimate-win-64bit-jre_20171019/pleiades/eclipse/jre/bin/../jre/lib/amd64;C:\app\nec\product\12.2.0\dbhome_1\bin;C:\ProgramData\Oracle\Java\javapath;C:\WINDOWS\system32;C:\WINDOWS;C:\WINDOWS\System32\Wbem;C:\WINDOWS\System32\WindowsPowerShell\v1.0\;C:\Program Files (x86)\Skype\Phone\;C:\Program Files\Java\jdk1.8.0_151\bin;C:\HashiCorp\Vagrant\bin;C:\Program Files\PuTTY\;C:\Program Files\TortoiseSVN\bin;C:\Program Files\TortoiseGit\bin;C:\Program Files (x86)\Nodist\bin;C:\Users\nec\AppData\Local\Microsoft\WindowsApps;;C:\Users\nec\AppData\Local\Programs\Fiddler;C:\pleiades-4.7.1-ultimate-win-64bit-jre_20171019\pleiades\eclipse;;.]
2018-06-29 22:02:24.677[localhost-startStop-1][INFO ][org.apache.catalina.core.ContainerBase.[Tomcat].[localhost].[/]] Initializing Spring embedded WebApplicationContext
2018-06-29 22:02:24.678[localhost-startStop-1][INFO ][org.springframework.web.context.ContextLoader] Root WebApplicationContext: initialization completed in 26304 ms
2018-06-29 22:02:25.459[localhost-startStop-1][INFO ][org.springframework.boot.web.servlet.FilterRegistrationBean] Mapping filter: 'characterEncodingFilter' to: [/*]
2018-06-29 22:02:25.460[localhost-startStop-1][INFO ][org.springframework.boot.web.servlet.FilterRegistrationBean] Mapping filter: 'hiddenHttpMethodFilter' to: [/*]
2018-06-29 22:02:25.460[localhost-startStop-1][INFO ][org.springframework.boot.web.servlet.FilterRegistrationBean] Mapping filter: 'httpPutFormContentFilter' to: [/*]
2018-06-29 22:02:25.461[localhost-startStop-1][INFO ][org.springframework.boot.web.servlet.FilterRegistrationBean] Mapping filter: 'requestContextFilter' to: [/*]
2018-06-29 22:02:25.462[localhost-startStop-1][INFO ][org.springframework.boot.web.servlet.DelegatingFilterProxyRegistrationBean] Mapping filter: 'springSecurityFilterChain' to: [/*]
2018-06-29 22:02:25.463[localhost-startStop-1][INFO ][org.springframework.boot.web.servlet.ServletRegistrationBean] Servlet dispatcherServlet mapped to [/]
2018-06-29 22:02:27.081[main][WARN ][org.springframework.boot.web.servlet.context.AnnotationConfigServletWebServerApplicationContext] Exception encountered during context initialization - cancelling refresh attempt: org.springframework.beans.factory.UnsatisfiedDependencyException: Error creating bean with name 'webSecurityConfig': Unsatisfied dependency expressed through field 'userDetailsService'; nested exception is org.springframework.beans.factory.UnsatisfiedDependencyException: Error creating bean with name 'userDetailsServiceImpl': Unsatisfied dependency expressed through field 'userRepository'; nested exception is org.springframework.beans.factory.NoSuchBeanDefinitionException: No qualifying bean of type 'co.jp.yuki.koike.sample.domain.repository.user.UserRepository' available: expected at least 1 bean which qualifies as autowire candidate. Dependency annotations: {@org.springframework.beans.factory.annotation.Autowired(required=true)}
2018-06-29 22:02:27.239[main][INFO ][org.apache.catalina.core.StandardService] Stopping service [Tomcat]
2018-06-29 22:02:27.989[main][INFO ][org.springframework.boot.autoconfigure.logging.ConditionEvaluationReportLoggingListener] 

Error starting ApplicationContext. To display the conditions report re-run your application with 'debug' enabled.
2018-06-29 22:02:28.279[main][ERROR][org.springframework.boot.diagnostics.LoggingFailureAnalysisReporter] 

***************************
APPLICATION FAILED TO START
***************************

Description:

Field userRepository in co.jp.yuki.koike.sample.domain.service.user.UserDetailsServiceImpl required a bean of type 'co.jp.yuki.koike.sample.domain.repository.user.UserRepository' that could not be found.


Action:

Consider defining a bean of type 'co.jp.yuki.koike.sample.domain.repository.user.UserRepository' in your configuration.

2018-06-29 22:16:57.961[main][INFO ][co.jp.yuki.koike.sample.SampleApplication] Starting SampleApplication on DESKTOP-BD2CRPU with PID 15620 (C:\Users\nec\git\sample\target\classes started by nec in C:\Users\nec\git\sample)
2018-06-29 22:16:57.986[main][INFO ][co.jp.yuki.koike.sample.SampleApplication] No active profile set, falling back to default profiles: default
2018-06-29 22:16:58.117[main][INFO ][org.springframework.boot.web.servlet.context.AnnotationConfigServletWebServerApplicationContext] Refreshing org.springframework.boot.web.servlet.context.AnnotationConfigServletWebServerApplicationContext@6adbc9d: startup date [Fri Jun 29 22:16:58 JST 2018]; root of context hierarchy
2018-06-29 22:17:01.908[main][INFO ][org.springframework.boot.web.embedded.tomcat.TomcatWebServer] Tomcat initialized with port(s): 8080 (http)
2018-06-29 22:17:02.986[main][INFO ][org.apache.coyote.http11.Http11NioProtocol] Initializing ProtocolHandler ["http-nio-8080"]
2018-06-29 22:17:03.036[main][INFO ][org.apache.catalina.core.StandardService] Starting service [Tomcat]
2018-06-29 22:17:03.038[main][INFO ][org.apache.catalina.core.StandardEngine] Starting Servlet Engine: Apache Tomcat/8.5.29
2018-06-29 22:17:03.087[localhost-startStop-1][INFO ][org.apache.catalina.core.AprLifecycleListener] The APR based Apache Tomcat Native library which allows optimal performance in production environments was not found on the java.library.path: [C:\pleiades-4.7.1-ultimate-win-64bit-jre_20171019\pleiades\eclipse\jre\bin;C:\WINDOWS\Sun\Java\bin;C:\WINDOWS\system32;C:\WINDOWS;C:/pleiades-4.7.1-ultimate-win-64bit-jre_20171019/pleiades/eclipse/jre/bin/../jre/bin/server;C:/pleiades-4.7.1-ultimate-win-64bit-jre_20171019/pleiades/eclipse/jre/bin/../jre/bin;C:/pleiades-4.7.1-ultimate-win-64bit-jre_20171019/pleiades/eclipse/jre/bin/../jre/lib/amd64;C:\app\nec\product\12.2.0\dbhome_1\bin;C:\ProgramData\Oracle\Java\javapath;C:\WINDOWS\system32;C:\WINDOWS;C:\WINDOWS\System32\Wbem;C:\WINDOWS\System32\WindowsPowerShell\v1.0\;C:\Program Files (x86)\Skype\Phone\;C:\Program Files\Java\jdk1.8.0_151\bin;C:\HashiCorp\Vagrant\bin;C:\Program Files\PuTTY\;C:\Program Files\TortoiseSVN\bin;C:\Program Files\TortoiseGit\bin;C:\Program Files (x86)\Nodist\bin;C:\Users\nec\AppData\Local\Microsoft\WindowsApps;;C:\Users\nec\AppData\Local\Programs\Fiddler;C:\pleiades-4.7.1-ultimate-win-64bit-jre_20171019\pleiades\eclipse;;.]
2018-06-29 22:17:03.733[localhost-startStop-1][INFO ][org.apache.catalina.core.ContainerBase.[Tomcat].[localhost].[/]] Initializing Spring embedded WebApplicationContext
2018-06-29 22:17:03.734[localhost-startStop-1][INFO ][org.springframework.web.context.ContextLoader] Root WebApplicationContext: initialization completed in 5617 ms
2018-06-29 22:17:04.118[localhost-startStop-1][INFO ][org.springframework.boot.web.servlet.FilterRegistrationBean] Mapping filter: 'characterEncodingFilter' to: [/*]
2018-06-29 22:17:04.119[localhost-startStop-1][INFO ][org.springframework.boot.web.servlet.FilterRegistrationBean] Mapping filter: 'hiddenHttpMethodFilter' to: [/*]
2018-06-29 22:17:04.120[localhost-startStop-1][INFO ][org.springframework.boot.web.servlet.FilterRegistrationBean] Mapping filter: 'httpPutFormContentFilter' to: [/*]
2018-06-29 22:17:04.120[localhost-startStop-1][INFO ][org.springframework.boot.web.servlet.FilterRegistrationBean] Mapping filter: 'requestContextFilter' to: [/*]
2018-06-29 22:17:04.121[localhost-startStop-1][INFO ][org.springframework.boot.web.servlet.DelegatingFilterProxyRegistrationBean] Mapping filter: 'springSecurityFilterChain' to: [/*]
2018-06-29 22:17:04.121[localhost-startStop-1][INFO ][org.springframework.boot.web.servlet.ServletRegistrationBean] Servlet dispatcherServlet mapped to [/]
2018-06-29 22:17:04.593[main][WARN ][org.springframework.boot.web.servlet.context.AnnotationConfigServletWebServerApplicationContext] Exception encountered during context initialization - cancelling refresh attempt: org.springframework.beans.factory.UnsatisfiedDependencyException: Error creating bean with name 'webSecurityConfig': Unsatisfied dependency expressed through field 'userDetailsService'; nested exception is org.springframework.beans.factory.UnsatisfiedDependencyException: Error creating bean with name 'userDetailsServiceImpl': Unsatisfied dependency expressed through field 'userRepository'; nested exception is org.springframework.beans.factory.NoSuchBeanDefinitionException: No qualifying bean of type 'co.jp.yuki.koike.sample.domain.repository.user.UserRepository' available: expected at least 1 bean which qualifies as autowire candidate. Dependency annotations: {@org.springframework.beans.factory.annotation.Autowired(required=true)}
2018-06-29 22:17:04.612[main][INFO ][org.apache.catalina.core.StandardService] Stopping service [Tomcat]
2018-06-29 22:17:04.710[main][INFO ][org.springframework.boot.autoconfigure.logging.ConditionEvaluationReportLoggingListener] 

Error starting ApplicationContext. To display the conditions report re-run your application with 'debug' enabled.
2018-06-29 22:17:04.965[main][ERROR][org.springframework.boot.diagnostics.LoggingFailureAnalysisReporter] 

***************************
APPLICATION FAILED TO START
***************************

Description:

Field userRepository in co.jp.yuki.koike.sample.domain.service.user.UserDetailsServiceImpl required a bean of type 'co.jp.yuki.koike.sample.domain.repository.user.UserRepository' that could not be found.


Action:

Consider defining a bean of type 'co.jp.yuki.koike.sample.domain.repository.user.UserRepository' in your configuration.

2018-06-29 22:38:02.733[main][INFO ][co.jp.yuki.koike.sample.SampleApplication] Starting SampleApplication on DESKTOP-BD2CRPU with PID 12148 (C:\Users\nec\git\sample\target\classes started by nec in C:\Users\nec\git\sample)
2018-06-29 22:38:02.786[main][INFO ][co.jp.yuki.koike.sample.SampleApplication] No active profile set, falling back to default profiles: default
2018-06-29 22:38:03.425[main][INFO ][org.springframework.boot.web.servlet.context.AnnotationConfigServletWebServerApplicationContext] Refreshing org.springframework.boot.web.servlet.context.AnnotationConfigServletWebServerApplicationContext@6adbc9d: startup date [Fri Jun 29 22:38:03 JST 2018]; root of context hierarchy
2018-06-29 22:38:10.031[main][INFO ][org.springframework.boot.web.embedded.tomcat.TomcatWebServer] Tomcat initialized with port(s): 8080 (http)
2018-06-29 22:38:10.073[main][INFO ][org.apache.coyote.http11.Http11NioProtocol] Initializing ProtocolHandler ["http-nio-8080"]
2018-06-29 22:38:10.112[main][INFO ][org.apache.catalina.core.StandardService] Starting service [Tomcat]
2018-06-29 22:38:10.113[main][INFO ][org.apache.catalina.core.StandardEngine] Starting Servlet Engine: Apache Tomcat/8.5.29
2018-06-29 22:38:10.153[localhost-startStop-1][INFO ][org.apache.catalina.core.AprLifecycleListener] The APR based Apache Tomcat Native library which allows optimal performance in production environments was not found on the java.library.path: [C:\pleiades-4.7.1-ultimate-win-64bit-jre_20171019\pleiades\eclipse\jre\bin;C:\WINDOWS\Sun\Java\bin;C:\WINDOWS\system32;C:\WINDOWS;C:/pleiades-4.7.1-ultimate-win-64bit-jre_20171019/pleiades/eclipse/jre/bin/../jre/bin/server;C:/pleiades-4.7.1-ultimate-win-64bit-jre_20171019/pleiades/eclipse/jre/bin/../jre/bin;C:/pleiades-4.7.1-ultimate-win-64bit-jre_20171019/pleiades/eclipse/jre/bin/../jre/lib/amd64;C:\app\nec\product\12.2.0\dbhome_1\bin;C:\ProgramData\Oracle\Java\javapath;C:\WINDOWS\system32;C:\WINDOWS;C:\WINDOWS\System32\Wbem;C:\WINDOWS\System32\WindowsPowerShell\v1.0\;C:\Program Files (x86)\Skype\Phone\;C:\Program Files\Java\jdk1.8.0_151\bin;C:\HashiCorp\Vagrant\bin;C:\Program Files\PuTTY\;C:\Program Files\TortoiseSVN\bin;C:\Program Files\TortoiseGit\bin;C:\Program Files (x86)\Nodist\bin;C:\Users\nec\AppData\Local\Microsoft\WindowsApps;;C:\Users\nec\AppData\Local\Programs\Fiddler;C:\pleiades-4.7.1-ultimate-win-64bit-jre_20171019\pleiades\eclipse;;.]
2018-06-29 22:38:10.692[localhost-startStop-1][INFO ][org.apache.catalina.core.ContainerBase.[Tomcat].[localhost].[/]] Initializing Spring embedded WebApplicationContext
2018-06-29 22:38:10.693[localhost-startStop-1][INFO ][org.springframework.web.context.ContextLoader] Root WebApplicationContext: initialization completed in 7268 ms
2018-06-29 22:38:11.057[localhost-startStop-1][INFO ][org.springframework.boot.web.servlet.FilterRegistrationBean] Mapping filter: 'characterEncodingFilter' to: [/*]
2018-06-29 22:38:11.058[localhost-startStop-1][INFO ][org.springframework.boot.web.servlet.FilterRegistrationBean] Mapping filter: 'hiddenHttpMethodFilter' to: [/*]
2018-06-29 22:38:11.059[localhost-startStop-1][INFO ][org.springframework.boot.web.servlet.FilterRegistrationBean] Mapping filter: 'httpPutFormContentFilter' to: [/*]
2018-06-29 22:38:11.059[localhost-startStop-1][INFO ][org.springframework.boot.web.servlet.FilterRegistrationBean] Mapping filter: 'requestContextFilter' to: [/*]
2018-06-29 22:38:11.060[localhost-startStop-1][INFO ][org.springframework.boot.web.servlet.DelegatingFilterProxyRegistrationBean] Mapping filter: 'springSecurityFilterChain' to: [/*]
2018-06-29 22:38:11.060[localhost-startStop-1][INFO ][org.springframework.boot.web.servlet.ServletRegistrationBean] Servlet dispatcherServlet mapped to [/]
2018-06-29 22:38:11.481[main][WARN ][org.springframework.boot.web.servlet.context.AnnotationConfigServletWebServerApplicationContext] Exception encountered during context initialization - cancelling refresh attempt: org.springframework.beans.factory.UnsatisfiedDependencyException: Error creating bean with name 'webSecurityConfig': Unsatisfied dependency expressed through field 'userDetailsService'; nested exception is org.springframework.beans.factory.UnsatisfiedDependencyException: Error creating bean with name 'userDetailsServiceImpl': Unsatisfied dependency expressed through field 'userRepository'; nested exception is org.springframework.beans.factory.NoSuchBeanDefinitionException: No qualifying bean of type 'co.jp.yuki.koike.sample.domain.repository.user.UserRepository' available: expected at least 1 bean which qualifies as autowire candidate. Dependency annotations: {@org.springframework.beans.factory.annotation.Autowired(required=true)}
2018-06-29 22:38:11.489[main][INFO ][org.apache.catalina.core.StandardService] Stopping service [Tomcat]
2018-06-29 22:38:11.568[main][INFO ][org.springframework.boot.autoconfigure.logging.ConditionEvaluationReportLoggingListener] 

Error starting ApplicationContext. To display the conditions report re-run your application with 'debug' enabled.
2018-06-29 22:38:11.795[main][ERROR][org.springframework.boot.diagnostics.LoggingFailureAnalysisReporter] 

***************************
APPLICATION FAILED TO START
***************************

Description:

Field userRepository in co.jp.yuki.koike.sample.domain.service.user.UserDetailsServiceImpl required a bean of type 'co.jp.yuki.koike.sample.domain.repository.user.UserRepository' that could not be found.


Action:

Consider defining a bean of type 'co.jp.yuki.koike.sample.domain.repository.user.UserRepository' in your configuration.

2018-06-29 22:38:59.563[main][INFO ][co.jp.yuki.koike.sample.SampleApplication] Starting SampleApplication on DESKTOP-BD2CRPU with PID 14840 (C:\Users\nec\git\sample\target\classes started by nec in C:\Users\nec\git\sample)
2018-06-29 22:38:59.570[main][INFO ][co.jp.yuki.koike.sample.SampleApplication] No active profile set, falling back to default profiles: default
2018-06-29 22:38:59.692[main][INFO ][org.springframework.boot.web.servlet.context.AnnotationConfigServletWebServerApplicationContext] Refreshing org.springframework.boot.web.servlet.context.AnnotationConfigServletWebServerApplicationContext@74f0ea28: startup date [Fri Jun 29 22:38:59 JST 2018]; root of context hierarchy
2018-06-29 22:39:02.546[main][INFO ][org.springframework.boot.web.embedded.tomcat.TomcatWebServer] Tomcat initialized with port(s): 8080 (http)
2018-06-29 22:39:02.571[main][INFO ][org.apache.coyote.http11.Http11NioProtocol] Initializing ProtocolHandler ["http-nio-8080"]
2018-06-29 22:39:02.588[main][INFO ][org.apache.catalina.core.StandardService] Starting service [Tomcat]
2018-06-29 22:39:02.589[main][INFO ][org.apache.catalina.core.StandardEngine] Starting Servlet Engine: Apache Tomcat/8.5.29
2018-06-29 22:39:02.599[localhost-startStop-1][INFO ][org.apache.catalina.core.AprLifecycleListener] The APR based Apache Tomcat Native library which allows optimal performance in production environments was not found on the java.library.path: [C:\pleiades-4.7.1-ultimate-win-64bit-jre_20171019\pleiades\eclipse\jre\bin;C:\WINDOWS\Sun\Java\bin;C:\WINDOWS\system32;C:\WINDOWS;C:/pleiades-4.7.1-ultimate-win-64bit-jre_20171019/pleiades/eclipse/jre/bin/../jre/bin/server;C:/pleiades-4.7.1-ultimate-win-64bit-jre_20171019/pleiades/eclipse/jre/bin/../jre/bin;C:/pleiades-4.7.1-ultimate-win-64bit-jre_20171019/pleiades/eclipse/jre/bin/../jre/lib/amd64;C:\app\nec\product\12.2.0\dbhome_1\bin;C:\ProgramData\Oracle\Java\javapath;C:\WINDOWS\system32;C:\WINDOWS;C:\WINDOWS\System32\Wbem;C:\WINDOWS\System32\WindowsPowerShell\v1.0\;C:\Program Files (x86)\Skype\Phone\;C:\Program Files\Java\jdk1.8.0_151\bin;C:\HashiCorp\Vagrant\bin;C:\Program Files\PuTTY\;C:\Program Files\TortoiseSVN\bin;C:\Program Files\TortoiseGit\bin;C:\Program Files (x86)\Nodist\bin;C:\Users\nec\AppData\Local\Microsoft\WindowsApps;;C:\Users\nec\AppData\Local\Programs\Fiddler;C:\pleiades-4.7.1-ultimate-win-64bit-jre_20171019\pleiades\eclipse;;.]
2018-06-29 22:39:02.955[localhost-startStop-1][INFO ][org.apache.catalina.core.ContainerBase.[Tomcat].[localhost].[/]] Initializing Spring embedded WebApplicationContext
2018-06-29 22:39:03.004[localhost-startStop-1][INFO ][org.springframework.web.context.ContextLoader] Root WebApplicationContext: initialization completed in 3312 ms
2018-06-29 22:39:03.319[localhost-startStop-1][INFO ][org.springframework.boot.web.servlet.FilterRegistrationBean] Mapping filter: 'characterEncodingFilter' to: [/*]
2018-06-29 22:39:03.325[localhost-startStop-1][INFO ][org.springframework.boot.web.servlet.FilterRegistrationBean] Mapping filter: 'hiddenHttpMethodFilter' to: [/*]
2018-06-29 22:39:03.325[localhost-startStop-1][INFO ][org.springframework.boot.web.servlet.FilterRegistrationBean] Mapping filter: 'httpPutFormContentFilter' to: [/*]
2018-06-29 22:39:03.326[localhost-startStop-1][INFO ][org.springframework.boot.web.servlet.FilterRegistrationBean] Mapping filter: 'requestContextFilter' to: [/*]
2018-06-29 22:39:03.327[localhost-startStop-1][INFO ][org.springframework.boot.web.servlet.DelegatingFilterProxyRegistrationBean] Mapping filter: 'springSecurityFilterChain' to: [/*]
2018-06-29 22:39:03.327[localhost-startStop-1][INFO ][org.springframework.boot.web.servlet.ServletRegistrationBean] Servlet dispatcherServlet mapped to [/]
2018-06-29 22:39:03.675[main][WARN ][org.springframework.boot.web.servlet.context.AnnotationConfigServletWebServerApplicationContext] Exception encountered during context initialization - cancelling refresh attempt: org.springframework.beans.factory.UnsatisfiedDependencyException: Error creating bean with name 'webSecurityConfig': Unsatisfied dependency expressed through field 'userDetailsService'; nested exception is org.springframework.beans.factory.UnsatisfiedDependencyException: Error creating bean with name 'userDetailsServiceImpl': Unsatisfied dependency expressed through field 'userRepository'; nested exception is org.springframework.beans.factory.NoSuchBeanDefinitionException: No qualifying bean of type 'co.jp.yuki.koike.sample.domain.repository.user.UserRepository' available: expected at least 1 bean which qualifies as autowire candidate. Dependency annotations: {@org.springframework.beans.factory.annotation.Autowired(required=true)}
2018-06-29 22:39:03.680[main][INFO ][org.apache.catalina.core.StandardService] Stopping service [Tomcat]
2018-06-29 22:39:03.712[main][INFO ][org.springframework.boot.autoconfigure.logging.ConditionEvaluationReportLoggingListener] 

Error starting ApplicationContext. To display the conditions report re-run your application with 'debug' enabled.
2018-06-29 22:39:04.000[main][ERROR][org.springframework.boot.diagnostics.LoggingFailureAnalysisReporter] 

***************************
APPLICATION FAILED TO START
***************************

Description:

Field userRepository in co.jp.yuki.koike.sample.domain.service.user.UserDetailsServiceImpl required a bean of type 'co.jp.yuki.koike.sample.domain.repository.user.UserRepository' that could not be found.


Action:

Consider defining a bean of type 'co.jp.yuki.koike.sample.domain.repository.user.UserRepository' in your configuration.

2018-06-29 22:41:42.692[main][INFO ][co.jp.yuki.koike.sample.SampleApplication] Starting SampleApplication on DESKTOP-BD2CRPU with PID 7376 (C:\Users\nec\git\sample\target\classes started by nec in C:\Users\nec\git\sample)
2018-06-29 22:41:42.698[main][INFO ][co.jp.yuki.koike.sample.SampleApplication] No active profile set, falling back to default profiles: default
2018-06-29 22:41:42.827[main][INFO ][org.springframework.boot.web.servlet.context.AnnotationConfigServletWebServerApplicationContext] Refreshing org.springframework.boot.web.servlet.context.AnnotationConfigServletWebServerApplicationContext@49139829: startup date [Fri Jun 29 22:41:42 JST 2018]; root of context hierarchy
2018-06-29 22:41:45.498[main][INFO ][org.springframework.boot.web.embedded.tomcat.TomcatWebServer] Tomcat initialized with port(s): 8080 (http)
2018-06-29 22:41:45.524[main][INFO ][org.apache.coyote.http11.Http11NioProtocol] Initializing ProtocolHandler ["http-nio-8080"]
2018-06-29 22:41:45.541[main][INFO ][org.apache.catalina.core.StandardService] Starting service [Tomcat]
2018-06-29 22:41:45.541[main][INFO ][org.apache.catalina.core.StandardEngine] Starting Servlet Engine: Apache Tomcat/8.5.29
2018-06-29 22:41:45.553[localhost-startStop-1][INFO ][org.apache.catalina.core.AprLifecycleListener] The APR based Apache Tomcat Native library which allows optimal performance in production environments was not found on the java.library.path: [C:\pleiades-4.7.1-ultimate-win-64bit-jre_20171019\pleiades\eclipse\jre\bin;C:\WINDOWS\Sun\Java\bin;C:\WINDOWS\system32;C:\WINDOWS;C:/pleiades-4.7.1-ultimate-win-64bit-jre_20171019/pleiades/eclipse/jre/bin/../jre/bin/server;C:/pleiades-4.7.1-ultimate-win-64bit-jre_20171019/pleiades/eclipse/jre/bin/../jre/bin;C:/pleiades-4.7.1-ultimate-win-64bit-jre_20171019/pleiades/eclipse/jre/bin/../jre/lib/amd64;C:\app\nec\product\12.2.0\dbhome_1\bin;C:\ProgramData\Oracle\Java\javapath;C:\WINDOWS\system32;C:\WINDOWS;C:\WINDOWS\System32\Wbem;C:\WINDOWS\System32\WindowsPowerShell\v1.0\;C:\Program Files (x86)\Skype\Phone\;C:\Program Files\Java\jdk1.8.0_151\bin;C:\HashiCorp\Vagrant\bin;C:\Program Files\PuTTY\;C:\Program Files\TortoiseSVN\bin;C:\Program Files\TortoiseGit\bin;C:\Program Files (x86)\Nodist\bin;C:\Users\nec\AppData\Local\Microsoft\WindowsApps;;C:\Users\nec\AppData\Local\Programs\Fiddler;C:\pleiades-4.7.1-ultimate-win-64bit-jre_20171019\pleiades\eclipse;;.]
2018-06-29 22:41:45.768[localhost-startStop-1][INFO ][org.apache.catalina.core.ContainerBase.[Tomcat].[localhost].[/]] Initializing Spring embedded WebApplicationContext
2018-06-29 22:41:45.768[localhost-startStop-1][INFO ][org.springframework.web.context.ContextLoader] Root WebApplicationContext: initialization completed in 2941 ms
2018-06-29 22:41:46.169[localhost-startStop-1][INFO ][org.springframework.boot.web.servlet.FilterRegistrationBean] Mapping filter: 'characterEncodingFilter' to: [/*]
2018-06-29 22:41:46.171[localhost-startStop-1][INFO ][org.springframework.boot.web.servlet.FilterRegistrationBean] Mapping filter: 'hiddenHttpMethodFilter' to: [/*]
2018-06-29 22:41:46.171[localhost-startStop-1][INFO ][org.springframework.boot.web.servlet.FilterRegistrationBean] Mapping filter: 'httpPutFormContentFilter' to: [/*]
2018-06-29 22:41:46.172[localhost-startStop-1][INFO ][org.springframework.boot.web.servlet.FilterRegistrationBean] Mapping filter: 'requestContextFilter' to: [/*]
2018-06-29 22:41:46.173[localhost-startStop-1][INFO ][org.springframework.boot.web.servlet.DelegatingFilterProxyRegistrationBean] Mapping filter: 'springSecurityFilterChain' to: [/*]
2018-06-29 22:41:46.173[localhost-startStop-1][INFO ][org.springframework.boot.web.servlet.ServletRegistrationBean] Servlet dispatcherServlet mapped to [/]
2018-06-29 22:41:46.501[main][WARN ][org.springframework.boot.web.servlet.context.AnnotationConfigServletWebServerApplicationContext] Exception encountered during context initialization - cancelling refresh attempt: org.springframework.beans.factory.UnsatisfiedDependencyException: Error creating bean with name 'webSecurityConfig': Unsatisfied dependency expressed through field 'userDetailsService'; nested exception is org.springframework.beans.factory.UnsatisfiedDependencyException: Error creating bean with name 'userDetailsServiceImpl': Unsatisfied dependency expressed through field 'userRepository'; nested exception is org.springframework.beans.factory.NoSuchBeanDefinitionException: No qualifying bean of type 'co.jp.yuki.koike.sample.domain.repository.user.UserRepository' available: expected at least 1 bean which qualifies as autowire candidate. Dependency annotations: {@org.springframework.beans.factory.annotation.Autowired(required=true)}
2018-06-29 22:41:46.505[main][INFO ][org.apache.catalina.core.StandardService] Stopping service [Tomcat]
2018-06-29 22:41:46.533[main][INFO ][org.springframework.boot.autoconfigure.logging.ConditionEvaluationReportLoggingListener] 

Error starting ApplicationContext. To display the conditions report re-run your application with 'debug' enabled.
2018-06-29 22:41:46.764[main][ERROR][org.springframework.boot.diagnostics.LoggingFailureAnalysisReporter] 

***************************
APPLICATION FAILED TO START
***************************

Description:

Field userRepository in co.jp.yuki.koike.sample.domain.service.user.UserDetailsServiceImpl required a bean of type 'co.jp.yuki.koike.sample.domain.repository.user.UserRepository' that could not be found.


Action:

Consider defining a bean of type 'co.jp.yuki.koike.sample.domain.repository.user.UserRepository' in your configuration.

2018-06-29 23:04:48.844[main][INFO ][co.jp.yuki.koike.sample.SampleApplication] Starting SampleApplication on DESKTOP-BD2CRPU with PID 5780 (C:\Users\nec\git\sample\target\classes started by nec in C:\Users\nec\git\sample)
2018-06-29 23:04:48.870[main][INFO ][co.jp.yuki.koike.sample.SampleApplication] No active profile set, falling back to default profiles: default
2018-06-29 23:04:49.012[main][INFO ][org.springframework.boot.web.servlet.context.AnnotationConfigServletWebServerApplicationContext] Refreshing org.springframework.boot.web.servlet.context.AnnotationConfigServletWebServerApplicationContext@6adbc9d: startup date [Fri Jun 29 23:04:49 JST 2018]; root of context hierarchy
2018-06-29 23:04:53.301[main][INFO ][org.springframework.boot.web.embedded.tomcat.TomcatWebServer] Tomcat initialized with port(s): 8080 (http)
2018-06-29 23:04:53.343[main][INFO ][org.apache.coyote.http11.Http11NioProtocol] Initializing ProtocolHandler ["http-nio-8080"]
2018-06-29 23:04:53.382[main][INFO ][org.apache.catalina.core.StandardService] Starting service [Tomcat]
2018-06-29 23:04:53.384[main][INFO ][org.apache.catalina.core.StandardEngine] Starting Servlet Engine: Apache Tomcat/8.5.29
2018-06-29 23:04:53.431[localhost-startStop-1][INFO ][org.apache.catalina.core.AprLifecycleListener] The APR based Apache Tomcat Native library which allows optimal performance in production environments was not found on the java.library.path: [C:\pleiades-4.7.1-ultimate-win-64bit-jre_20171019\pleiades\eclipse\jre\bin;C:\WINDOWS\Sun\Java\bin;C:\WINDOWS\system32;C:\WINDOWS;C:/pleiades-4.7.1-ultimate-win-64bit-jre_20171019/pleiades/eclipse/jre/bin/../jre/bin/server;C:/pleiades-4.7.1-ultimate-win-64bit-jre_20171019/pleiades/eclipse/jre/bin/../jre/bin;C:/pleiades-4.7.1-ultimate-win-64bit-jre_20171019/pleiades/eclipse/jre/bin/../jre/lib/amd64;C:\app\nec\product\12.2.0\dbhome_1\bin;C:\ProgramData\Oracle\Java\javapath;C:\WINDOWS\system32;C:\WINDOWS;C:\WINDOWS\System32\Wbem;C:\WINDOWS\System32\WindowsPowerShell\v1.0\;C:\Program Files (x86)\Skype\Phone\;C:\Program Files\Java\jdk1.8.0_151\bin;C:\HashiCorp\Vagrant\bin;C:\Program Files\PuTTY\;C:\Program Files\TortoiseSVN\bin;C:\Program Files\TortoiseGit\bin;C:\Program Files (x86)\Nodist\bin;C:\Users\nec\AppData\Local\Microsoft\WindowsApps;;C:\Users\nec\AppData\Local\Programs\Fiddler;C:\pleiades-4.7.1-ultimate-win-64bit-jre_20171019\pleiades\eclipse;;.]
2018-06-29 23:04:55.995[localhost-startStop-1][INFO ][org.apache.catalina.core.ContainerBase.[Tomcat].[localhost].[/]] Initializing Spring embedded WebApplicationContext
2018-06-29 23:04:55.996[localhost-startStop-1][INFO ][org.springframework.web.context.ContextLoader] Root WebApplicationContext: initialization completed in 6984 ms
2018-06-29 23:04:56.572[localhost-startStop-1][INFO ][org.springframework.boot.web.servlet.FilterRegistrationBean] Mapping filter: 'characterEncodingFilter' to: [/*]
2018-06-29 23:04:56.574[localhost-startStop-1][INFO ][org.springframework.boot.web.servlet.FilterRegistrationBean] Mapping filter: 'hiddenHttpMethodFilter' to: [/*]
2018-06-29 23:04:56.574[localhost-startStop-1][INFO ][org.springframework.boot.web.servlet.FilterRegistrationBean] Mapping filter: 'httpPutFormContentFilter' to: [/*]
2018-06-29 23:04:56.574[localhost-startStop-1][INFO ][org.springframework.boot.web.servlet.FilterRegistrationBean] Mapping filter: 'requestContextFilter' to: [/*]
2018-06-29 23:04:56.575[localhost-startStop-1][INFO ][org.springframework.boot.web.servlet.DelegatingFilterProxyRegistrationBean] Mapping filter: 'springSecurityFilterChain' to: [/*]
2018-06-29 23:04:56.575[localhost-startStop-1][INFO ][org.springframework.boot.web.servlet.ServletRegistrationBean] Servlet dispatcherServlet mapped to [/]
2018-06-29 23:04:58.078[main][WARN ][org.springframework.boot.web.servlet.context.AnnotationConfigServletWebServerApplicationContext] Exception encountered during context initialization - cancelling refresh attempt: org.springframework.beans.factory.UnsatisfiedDependencyException: Error creating bean with name 'webSecurityConfig': Unsatisfied dependency expressed through field 'userDetailsService'; nested exception is org.springframework.beans.factory.UnsatisfiedDependencyException: Error creating bean with name 'userDetailsServiceImpl': Unsatisfied dependency expressed through field 'userRepository'; nested exception is org.springframework.beans.factory.NoSuchBeanDefinitionException: No qualifying bean of type 'co.jp.yuki.koike.sample.domain.repository.user.UserRepository' available: expected at least 1 bean which qualifies as autowire candidate. Dependency annotations: {@org.springframework.beans.factory.annotation.Autowired(required=true)}
2018-06-29 23:04:58.648[main][INFO ][org.apache.catalina.core.StandardService] Stopping service [Tomcat]
2018-06-29 23:04:58.791[main][INFO ][org.springframework.boot.autoconfigure.logging.ConditionEvaluationReportLoggingListener] 

Error starting ApplicationContext. To display the conditions report re-run your application with 'debug' enabled.
2018-06-29 23:04:59.106[main][ERROR][org.springframework.boot.diagnostics.LoggingFailureAnalysisReporter] 

***************************
APPLICATION FAILED TO START
***************************

Description:

Field userRepository in co.jp.yuki.koike.sample.domain.service.user.UserDetailsServiceImpl required a bean of type 'co.jp.yuki.koike.sample.domain.repository.user.UserRepository' that could not be found.


Action:

Consider defining a bean of type 'co.jp.yuki.koike.sample.domain.repository.user.UserRepository' in your configuration.

2018-06-29 23:17:17.205[main][INFO ][co.jp.yuki.koike.sample.SampleApplication] Starting SampleApplication on DESKTOP-BD2CRPU with PID 16140 (C:\Users\nec\git\sample\target\classes started by nec in C:\Users\nec\git\sample)
2018-06-29 23:17:17.261[main][INFO ][co.jp.yuki.koike.sample.SampleApplication] No active profile set, falling back to default profiles: default
2018-06-29 23:17:18.429[main][INFO ][org.springframework.boot.web.servlet.context.AnnotationConfigServletWebServerApplicationContext] Refreshing org.springframework.boot.web.servlet.context.AnnotationConfigServletWebServerApplicationContext@74f0ea28: startup date [Fri Jun 29 23:17:18 JST 2018]; root of context hierarchy
2018-06-29 23:17:30.687[main][INFO ][org.springframework.boot.web.embedded.tomcat.TomcatWebServer] Tomcat initialized with port(s): 8080 (http)
2018-06-29 23:17:30.718[main][INFO ][org.apache.coyote.http11.Http11NioProtocol] Initializing ProtocolHandler ["http-nio-8080"]
2018-06-29 23:17:30.757[main][INFO ][org.apache.catalina.core.StandardService] Starting service [Tomcat]
2018-06-29 23:17:30.758[main][INFO ][org.apache.catalina.core.StandardEngine] Starting Servlet Engine: Apache Tomcat/8.5.29
2018-06-29 23:17:30.811[localhost-startStop-1][INFO ][org.apache.catalina.core.AprLifecycleListener] The APR based Apache Tomcat Native library which allows optimal performance in production environments was not found on the java.library.path: [C:\pleiades-4.7.1-ultimate-win-64bit-jre_20171019\pleiades\eclipse\jre\bin;C:\WINDOWS\Sun\Java\bin;C:\WINDOWS\system32;C:\WINDOWS;C:/pleiades-4.7.1-ultimate-win-64bit-jre_20171019/pleiades/eclipse/jre/bin/../jre/bin/server;C:/pleiades-4.7.1-ultimate-win-64bit-jre_20171019/pleiades/eclipse/jre/bin/../jre/bin;C:/pleiades-4.7.1-ultimate-win-64bit-jre_20171019/pleiades/eclipse/jre/bin/../jre/lib/amd64;C:\app\nec\product\12.2.0\dbhome_1\bin;C:\ProgramData\Oracle\Java\javapath;C:\WINDOWS\system32;C:\WINDOWS;C:\WINDOWS\System32\Wbem;C:\WINDOWS\System32\WindowsPowerShell\v1.0\;C:\Program Files (x86)\Skype\Phone\;C:\Program Files\Java\jdk1.8.0_151\bin;C:\HashiCorp\Vagrant\bin;C:\Program Files\PuTTY\;C:\Program Files\TortoiseSVN\bin;C:\Program Files\TortoiseGit\bin;C:\Program Files (x86)\Nodist\bin;C:\Users\nec\AppData\Local\Microsoft\WindowsApps;;C:\Users\nec\AppData\Local\Programs\Fiddler;C:\pleiades-4.7.1-ultimate-win-64bit-jre_20171019\pleiades\eclipse;;.]
2018-06-29 23:17:31.374[localhost-startStop-1][INFO ][org.apache.catalina.core.ContainerBase.[Tomcat].[localhost].[/]] Initializing Spring embedded WebApplicationContext
2018-06-29 23:17:31.375[localhost-startStop-1][INFO ][org.springframework.web.context.ContextLoader] Root WebApplicationContext: initialization completed in 12946 ms
2018-06-29 23:17:31.858[localhost-startStop-1][INFO ][org.springframework.boot.web.servlet.FilterRegistrationBean] Mapping filter: 'characterEncodingFilter' to: [/*]
2018-06-29 23:17:31.859[localhost-startStop-1][INFO ][org.springframework.boot.web.servlet.FilterRegistrationBean] Mapping filter: 'hiddenHttpMethodFilter' to: [/*]
2018-06-29 23:17:31.859[localhost-startStop-1][INFO ][org.springframework.boot.web.servlet.FilterRegistrationBean] Mapping filter: 'httpPutFormContentFilter' to: [/*]
2018-06-29 23:17:31.859[localhost-startStop-1][INFO ][org.springframework.boot.web.servlet.FilterRegistrationBean] Mapping filter: 'requestContextFilter' to: [/*]
2018-06-29 23:17:31.860[localhost-startStop-1][INFO ][org.springframework.boot.web.servlet.DelegatingFilterProxyRegistrationBean] Mapping filter: 'springSecurityFilterChain' to: [/*]
2018-06-29 23:17:31.861[localhost-startStop-1][INFO ][org.springframework.boot.web.servlet.ServletRegistrationBean] Servlet dispatcherServlet mapped to [/]
2018-06-29 23:17:32.306[main][WARN ][org.springframework.boot.web.servlet.context.AnnotationConfigServletWebServerApplicationContext] Exception encountered during context initialization - cancelling refresh attempt: org.springframework.beans.factory.UnsatisfiedDependencyException: Error creating bean with name 'webSecurityConfig': Unsatisfied dependency expressed through field 'userDetailsService'; nested exception is org.springframework.beans.factory.UnsatisfiedDependencyException: Error creating bean with name 'userDetailsServiceImpl': Unsatisfied dependency expressed through field 'userRepository'; nested exception is org.springframework.beans.factory.NoSuchBeanDefinitionException: No qualifying bean of type 'co.jp.yuki.koike.sample.domain.repository.user.UserRepository' available: expected at least 1 bean which qualifies as autowire candidate. Dependency annotations: {@org.springframework.beans.factory.annotation.Autowired(required=true)}
2018-06-29 23:17:32.333[main][INFO ][org.apache.catalina.core.StandardService] Stopping service [Tomcat]
2018-06-29 23:17:32.401[main][INFO ][org.springframework.boot.autoconfigure.logging.ConditionEvaluationReportLoggingListener] 

Error starting ApplicationContext. To display the conditions report re-run your application with 'debug' enabled.
2018-06-29 23:17:32.618[main][ERROR][org.springframework.boot.diagnostics.LoggingFailureAnalysisReporter] 

***************************
APPLICATION FAILED TO START
***************************

Description:

Field userRepository in co.jp.yuki.koike.sample.domain.service.user.UserDetailsServiceImpl required a bean of type 'co.jp.yuki.koike.sample.domain.repository.user.UserRepository' that could not be found.


Action:

Consider defining a bean of type 'co.jp.yuki.koike.sample.domain.repository.user.UserRepository' in your configuration.

2018-06-29 23:21:05.930[main][INFO ][co.jp.yuki.koike.sample.SampleApplication] Starting SampleApplication on DESKTOP-BD2CRPU with PID 16876 (C:\Users\nec\git\sample\target\classes started by nec in C:\Users\nec\git\sample)
2018-06-29 23:21:05.938[main][INFO ][co.jp.yuki.koike.sample.SampleApplication] No active profile set, falling back to default profiles: default
2018-06-29 23:21:06.070[main][INFO ][org.springframework.boot.web.servlet.context.AnnotationConfigServletWebServerApplicationContext] Refreshing org.springframework.boot.web.servlet.context.AnnotationConfigServletWebServerApplicationContext@6adbc9d: startup date [Fri Jun 29 23:21:06 JST 2018]; root of context hierarchy
2018-06-29 23:21:11.661[main][INFO ][org.springframework.boot.web.embedded.tomcat.TomcatWebServer] Tomcat initialized with port(s): 8080 (http)
2018-06-29 23:21:11.782[main][INFO ][org.apache.coyote.http11.Http11NioProtocol] Initializing ProtocolHandler ["http-nio-8080"]
2018-06-29 23:21:11.864[main][INFO ][org.apache.catalina.core.StandardService] Starting service [Tomcat]
2018-06-29 23:21:11.865[main][INFO ][org.apache.catalina.core.StandardEngine] Starting Servlet Engine: Apache Tomcat/8.5.29
2018-06-29 23:21:12.738[localhost-startStop-1][INFO ][org.apache.catalina.core.AprLifecycleListener] The APR based Apache Tomcat Native library which allows optimal performance in production environments was not found on the java.library.path: [C:\pleiades-4.7.1-ultimate-win-64bit-jre_20171019\pleiades\eclipse\jre\bin;C:\WINDOWS\Sun\Java\bin;C:\WINDOWS\system32;C:\WINDOWS;C:/pleiades-4.7.1-ultimate-win-64bit-jre_20171019/pleiades/eclipse/jre/bin/../jre/bin/server;C:/pleiades-4.7.1-ultimate-win-64bit-jre_20171019/pleiades/eclipse/jre/bin/../jre/bin;C:/pleiades-4.7.1-ultimate-win-64bit-jre_20171019/pleiades/eclipse/jre/bin/../jre/lib/amd64;C:\app\nec\product\12.2.0\dbhome_1\bin;C:\ProgramData\Oracle\Java\javapath;C:\WINDOWS\system32;C:\WINDOWS;C:\WINDOWS\System32\Wbem;C:\WINDOWS\System32\WindowsPowerShell\v1.0\;C:\Program Files (x86)\Skype\Phone\;C:\Program Files\Java\jdk1.8.0_151\bin;C:\HashiCorp\Vagrant\bin;C:\Program Files\PuTTY\;C:\Program Files\TortoiseSVN\bin;C:\Program Files\TortoiseGit\bin;C:\Program Files (x86)\Nodist\bin;C:\Users\nec\AppData\Local\Microsoft\WindowsApps;;C:\Users\nec\AppData\Local\Programs\Fiddler;C:\pleiades-4.7.1-ultimate-win-64bit-jre_20171019\pleiades\eclipse;;.]
2018-06-29 23:21:17.365[localhost-startStop-1][INFO ][org.apache.catalina.core.ContainerBase.[Tomcat].[localhost].[/]] Initializing Spring embedded WebApplicationContext
2018-06-29 23:21:17.367[localhost-startStop-1][INFO ][org.springframework.web.context.ContextLoader] Root WebApplicationContext: initialization completed in 11296 ms
2018-06-29 23:21:18.705[localhost-startStop-1][INFO ][org.springframework.boot.web.servlet.FilterRegistrationBean] Mapping filter: 'characterEncodingFilter' to: [/*]
2018-06-29 23:21:18.707[localhost-startStop-1][INFO ][org.springframework.boot.web.servlet.FilterRegistrationBean] Mapping filter: 'hiddenHttpMethodFilter' to: [/*]
2018-06-29 23:21:18.708[localhost-startStop-1][INFO ][org.springframework.boot.web.servlet.FilterRegistrationBean] Mapping filter: 'httpPutFormContentFilter' to: [/*]
2018-06-29 23:21:18.708[localhost-startStop-1][INFO ][org.springframework.boot.web.servlet.FilterRegistrationBean] Mapping filter: 'requestContextFilter' to: [/*]
2018-06-29 23:21:18.710[localhost-startStop-1][INFO ][org.springframework.boot.web.servlet.DelegatingFilterProxyRegistrationBean] Mapping filter: 'springSecurityFilterChain' to: [/*]
2018-06-29 23:21:18.711[localhost-startStop-1][INFO ][org.springframework.boot.web.servlet.ServletRegistrationBean] Servlet dispatcherServlet mapped to [/]
2018-06-29 23:21:25.171[main][WARN ][org.springframework.boot.web.servlet.context.AnnotationConfigServletWebServerApplicationContext] Exception encountered during context initialization - cancelling refresh attempt: org.springframework.beans.factory.UnsatisfiedDependencyException: Error creating bean with name 'webSecurityConfig': Unsatisfied dependency expressed through field 'userDetailsService'; nested exception is org.springframework.beans.factory.UnsatisfiedDependencyException: Error creating bean with name 'userDetailsServiceImpl': Unsatisfied dependency expressed through field 'userRepository'; nested exception is org.springframework.beans.factory.NoSuchBeanDefinitionException: No qualifying bean of type 'co.jp.yuki.koike.sample.domain.repository.user.UserRepository' available: expected at least 1 bean which qualifies as autowire candidate. Dependency annotations: {@org.springframework.beans.factory.annotation.Autowired(required=true)}
2018-06-29 23:21:25.754[main][INFO ][org.apache.catalina.core.StandardService] Stopping service [Tomcat]
2018-06-29 23:21:28.334[main][INFO ][org.springframework.boot.autoconfigure.logging.ConditionEvaluationReportLoggingListener] 

Error starting ApplicationContext. To display the conditions report re-run your application with 'debug' enabled.
2018-06-29 23:21:28.848[main][ERROR][org.springframework.boot.diagnostics.LoggingFailureAnalysisReporter] 

***************************
APPLICATION FAILED TO START
***************************

Description:

Field userRepository in co.jp.yuki.koike.sample.domain.service.user.UserDetailsServiceImpl required a bean of type 'co.jp.yuki.koike.sample.domain.repository.user.UserRepository' that could not be found.


Action:

Consider defining a bean of type 'co.jp.yuki.koike.sample.domain.repository.user.UserRepository' in your configuration.

2018-06-29 23:23:24.667[main][INFO ][co.jp.yuki.koike.sample.SampleApplication] Starting SampleApplication on DESKTOP-BD2CRPU with PID 13488 (C:\Users\nec\git\sample\target\classes started by nec in C:\Users\nec\git\sample)
2018-06-29 23:23:24.700[main][INFO ][co.jp.yuki.koike.sample.SampleApplication] No active profile set, falling back to default profiles: default
2018-06-29 23:23:24.913[main][INFO ][org.springframework.boot.web.servlet.context.AnnotationConfigServletWebServerApplicationContext] Refreshing org.springframework.boot.web.servlet.context.AnnotationConfigServletWebServerApplicationContext@55183b20: startup date [Fri Jun 29 23:23:24 JST 2018]; root of context hierarchy
2018-06-29 23:23:35.004[main][INFO ][org.springframework.boot.web.embedded.tomcat.TomcatWebServer] Tomcat initialized with port(s): 8080 (http)
2018-06-29 23:23:35.322[main][INFO ][org.apache.coyote.http11.Http11NioProtocol] Initializing ProtocolHandler ["http-nio-8080"]
2018-06-29 23:23:35.439[main][INFO ][org.apache.catalina.core.StandardService] Starting service [Tomcat]
2018-06-29 23:23:35.441[main][INFO ][org.apache.catalina.core.StandardEngine] Starting Servlet Engine: Apache Tomcat/8.5.29
2018-06-29 23:23:35.622[localhost-startStop-1][INFO ][org.apache.catalina.core.AprLifecycleListener] The APR based Apache Tomcat Native library which allows optimal performance in production environments was not found on the java.library.path: [C:\pleiades-4.7.1-ultimate-win-64bit-jre_20171019\pleiades\eclipse\jre\bin;C:\WINDOWS\Sun\Java\bin;C:\WINDOWS\system32;C:\WINDOWS;C:/pleiades-4.7.1-ultimate-win-64bit-jre_20171019/pleiades/eclipse/jre/bin/../jre/bin/server;C:/pleiades-4.7.1-ultimate-win-64bit-jre_20171019/pleiades/eclipse/jre/bin/../jre/bin;C:/pleiades-4.7.1-ultimate-win-64bit-jre_20171019/pleiades/eclipse/jre/bin/../jre/lib/amd64;C:\app\nec\product\12.2.0\dbhome_1\bin;C:\ProgramData\Oracle\Java\javapath;C:\WINDOWS\system32;C:\WINDOWS;C:\WINDOWS\System32\Wbem;C:\WINDOWS\System32\WindowsPowerShell\v1.0\;C:\Program Files (x86)\Skype\Phone\;C:\Program Files\Java\jdk1.8.0_151\bin;C:\HashiCorp\Vagrant\bin;C:\Program Files\PuTTY\;C:\Program Files\TortoiseSVN\bin;C:\Program Files\TortoiseGit\bin;C:\Program Files (x86)\Nodist\bin;C:\Users\nec\AppData\Local\Microsoft\WindowsApps;;C:\Users\nec\AppData\Local\Programs\Fiddler;C:\pleiades-4.7.1-ultimate-win-64bit-jre_20171019\pleiades\eclipse;;.]
2018-06-29 23:23:37.832[localhost-startStop-1][INFO ][org.apache.catalina.core.ContainerBase.[Tomcat].[localhost].[/]] Initializing Spring embedded WebApplicationContext
2018-06-29 23:23:37.833[localhost-startStop-1][INFO ][org.springframework.web.context.ContextLoader] Root WebApplicationContext: initialization completed in 12921 ms
2018-06-29 23:23:38.218[localhost-startStop-1][INFO ][org.springframework.boot.web.servlet.FilterRegistrationBean] Mapping filter: 'characterEncodingFilter' to: [/*]
2018-06-29 23:23:38.219[localhost-startStop-1][INFO ][org.springframework.boot.web.servlet.FilterRegistrationBean] Mapping filter: 'hiddenHttpMethodFilter' to: [/*]
2018-06-29 23:23:38.219[localhost-startStop-1][INFO ][org.springframework.boot.web.servlet.FilterRegistrationBean] Mapping filter: 'httpPutFormContentFilter' to: [/*]
2018-06-29 23:23:38.219[localhost-startStop-1][INFO ][org.springframework.boot.web.servlet.FilterRegistrationBean] Mapping filter: 'requestContextFilter' to: [/*]
2018-06-29 23:23:38.220[localhost-startStop-1][INFO ][org.springframework.boot.web.servlet.DelegatingFilterProxyRegistrationBean] Mapping filter: 'springSecurityFilterChain' to: [/*]
2018-06-29 23:23:38.230[localhost-startStop-1][INFO ][org.springframework.boot.web.servlet.ServletRegistrationBean] Servlet dispatcherServlet mapped to [/]
2018-06-29 23:23:38.901[main][WARN ][org.springframework.boot.web.servlet.context.AnnotationConfigServletWebServerApplicationContext] Exception encountered during context initialization - cancelling refresh attempt: org.springframework.beans.factory.UnsatisfiedDependencyException: Error creating bean with name 'webSecurityConfig': Unsatisfied dependency expressed through field 'userDetailsService'; nested exception is org.springframework.beans.factory.UnsatisfiedDependencyException: Error creating bean with name 'userDetailsServiceImpl': Unsatisfied dependency expressed through field 'userRepository'; nested exception is org.springframework.beans.factory.NoSuchBeanDefinitionException: No qualifying bean of type 'co.jp.yuki.koike.sample.domain.repository.user.UserRepository' available: expected at least 1 bean which qualifies as autowire candidate. Dependency annotations: {@org.springframework.beans.factory.annotation.Autowired(required=true)}
2018-06-29 23:23:38.983[main][INFO ][org.apache.catalina.core.StandardService] Stopping service [Tomcat]
2018-06-29 23:23:39.442[main][INFO ][org.springframework.boot.autoconfigure.logging.ConditionEvaluationReportLoggingListener] 

Error starting ApplicationContext. To display the conditions report re-run your application with 'debug' enabled.
2018-06-29 23:23:39.680[main][ERROR][org.springframework.boot.diagnostics.LoggingFailureAnalysisReporter] 

***************************
APPLICATION FAILED TO START
***************************

Description:

Field userRepository in co.jp.yuki.koike.sample.domain.service.user.UserDetailsServiceImpl required a bean of type 'co.jp.yuki.koike.sample.domain.repository.user.UserRepository' that could not be found.


Action:

Consider defining a bean of type 'co.jp.yuki.koike.sample.domain.repository.user.UserRepository' in your configuration.

